17:59:38.468 [main] ERROR o.s.b.d.LoggingFailureAnalysisReporter - [report,40] - 

***************************
APPLICATION FAILED TO START
***************************

Description:

Field factory in com.gre.lxl.system.dao.ctm.impl.FairyAdminRepositoryImpl required a bean of type 'com.querydsl.jpa.impl.JPAQueryFactory' that could not be found.

The injection point has the following annotations:
	- @org.springframework.beans.factory.annotation.Autowired(required=true)


Action:

Consider defining a bean of type 'com.querydsl.jpa.impl.JPAQueryFactory' in your configuration.

18:02:12.065 [main] ERROR o.s.b.d.LoggingFailureAnalysisReporter - [report,40] - 

***************************
APPLICATION FAILED TO START
***************************

Description:

Field factory in com.gre.lxl.system.dao.ctm.impl.FairyAdminRepositoryImpl required a bean of type 'com.querydsl.jpa.impl.JPAQueryFactory' that could not be found.

The injection point has the following annotations:
	- @org.springframework.beans.factory.annotation.Autowired(required=true)


Action:

Consider defining a bean of type 'com.querydsl.jpa.impl.JPAQueryFactory' in your configuration.

18:05:13.235 [main] ERROR o.s.b.d.LoggingFailureAnalysisReporter - [report,40] - 

***************************
APPLICATION FAILED TO START
***************************

Description:

Field factory in com.gre.lxl.system.dao.ctm.impl.FairyAdminRepositoryImpl required a bean of type 'com.querydsl.jpa.impl.JPAQueryFactory' that could not be found.

The injection point has the following annotations:
	- @org.springframework.beans.factory.annotation.Autowired(required=true)


Action:

Consider defining a bean of type 'com.querydsl.jpa.impl.JPAQueryFactory' in your configuration.

