14:20:25.672 [main] INFO  c.g.l.LxlFlagApplication - [logStarting,55] - Starting LxlFlagApplication using Java 1.8.0_31 on LAPTOP-LINC7R8B with PID 9664 (E:\test\lxl-long\lxl-flag\target\classes started by 39851 in E:\test\lxl-long)
14:20:25.678 [main] INFO  c.g.l.LxlFlagApplication - [logStartupProfileInfo,663] - No active profile set, falling back to default profiles: default
14:20:27.685 [main] INFO  o.a.c.h.Http11NioProtocol - [log,173] - Initializing ProtocolHandler ["http-nio-9001"]
14:20:27.686 [main] INFO  o.a.c.c.StandardService - [log,173] - Starting service [Tomcat]
14:20:27.686 [main] INFO  o.a.c.c.StandardEngine - [log,173] - Starting Servlet engine: [Apache Tomcat/9.0.46]
14:20:27.828 [main] INFO  o.a.c.c.C.[.[.[/] - [log,173] - Initializing Spring embedded WebApplicationContext
14:20:29.498 [main] INFO  c.z.h.HikariDataSource - [getConnection,110] - HikariPool-1 - Starting...
14:20:29.611 [main] INFO  c.z.h.HikariDataSource - [getConnection,123] - HikariPool-1 - Start completed.
14:20:30.072 [main] INFO  o.a.e.c.DefaultActiviti5CompatibilityHandlerFactory - [createActiviti5CompatibilityHandler,38] - Activiti 5 compatibility handler implementation not found or error during instantiation : org.activiti.compatibility.DefaultActiviti5CompatibilityHandler. Activiti 5 backwards compatibility disabled.
14:20:30.128 [main] INFO  o.a.e.i.ProcessEngineImpl - [<init>,87] - ProcessEngine default created
14:20:30.129 [main] INFO  o.a.e.i.a.DefaultAsyncJobExecutor - [start,169] - Starting up the default async job executor [org.activiti.spring.SpringAsyncExecutor].
14:20:30.129 [Thread-13] INFO  o.a.e.i.a.AcquireAsyncJobsDueRunnable - [run,45] - {} starting to acquire async jobs due
14:20:30.130 [Thread-14] INFO  o.a.e.i.a.AcquireTimerJobsRunnable - [run,49] - {} starting to acquire async jobs due
14:20:30.130 [Thread-15] INFO  o.a.e.i.a.ResetExpiredJobsRunnable - [run,51] - {} starting to reset expired jobs
14:20:30.585 [main] INFO  o.a.c.h.Http11NioProtocol - [log,173] - Starting ProtocolHandler ["http-nio-9001"]
14:20:30.614 [main] INFO  c.g.l.LxlFlagApplication - [logStarted,61] - Started LxlFlagApplication in 5.913 seconds (JVM running for 6.988)
14:20:51.277 [http-nio-9001-exec-2] INFO  o.a.c.c.C.[.[.[/] - [log,173] - Initializing Spring DispatcherServlet 'dispatcherServlet'
14:24:29.681 [main] INFO  c.g.l.LxlFlagApplication - [logStarting,55] - Starting LxlFlagApplication using Java 1.8.0_31 on LAPTOP-LINC7R8B with PID 18596 (E:\test\lxl-long\lxl-flag\target\classes started by 39851 in E:\test\lxl-long)
14:24:29.683 [main] INFO  c.g.l.LxlFlagApplication - [logStartupProfileInfo,663] - No active profile set, falling back to default profiles: default
14:24:31.177 [main] INFO  o.a.c.h.Http11NioProtocol - [log,173] - Initializing ProtocolHandler ["http-nio-9001"]
14:24:31.177 [main] INFO  o.a.c.c.StandardService - [log,173] - Starting service [Tomcat]
14:24:31.178 [main] INFO  o.a.c.c.StandardEngine - [log,173] - Starting Servlet engine: [Apache Tomcat/9.0.46]
14:24:31.299 [main] INFO  o.a.c.c.C.[.[.[/] - [log,173] - Initializing Spring embedded WebApplicationContext
14:24:32.537 [main] INFO  c.z.h.HikariDataSource - [getConnection,110] - HikariPool-1 - Starting...
14:24:32.657 [main] INFO  c.z.h.HikariDataSource - [getConnection,123] - HikariPool-1 - Start completed.
14:24:33.137 [main] INFO  o.a.e.c.DefaultActiviti5CompatibilityHandlerFactory - [createActiviti5CompatibilityHandler,38] - Activiti 5 compatibility handler implementation not found or error during instantiation : org.activiti.compatibility.DefaultActiviti5CompatibilityHandler. Activiti 5 backwards compatibility disabled.
14:24:33.198 [main] INFO  o.a.e.i.ProcessEngineImpl - [<init>,87] - ProcessEngine default created
14:24:33.199 [main] INFO  o.a.e.i.a.DefaultAsyncJobExecutor - [start,169] - Starting up the default async job executor [org.activiti.spring.SpringAsyncExecutor].
14:24:33.200 [Thread-13] INFO  o.a.e.i.a.ResetExpiredJobsRunnable - [run,51] - {} starting to reset expired jobs
14:24:33.200 [Thread-11] INFO  o.a.e.i.a.AcquireAsyncJobsDueRunnable - [run,45] - {} starting to acquire async jobs due
14:24:33.200 [Thread-12] INFO  o.a.e.i.a.AcquireTimerJobsRunnable - [run,49] - {} starting to acquire async jobs due
14:24:33.652 [main] INFO  o.a.c.h.Http11NioProtocol - [log,173] - Starting ProtocolHandler ["http-nio-9001"]
14:24:33.682 [main] INFO  c.g.l.LxlFlagApplication - [logStarted,61] - Started LxlFlagApplication in 4.415 seconds (JVM running for 5.45)
14:24:44.708 [http-nio-9001-exec-2] INFO  o.a.c.c.C.[.[.[/] - [log,173] - Initializing Spring DispatcherServlet 'dispatcherServlet'
14:26:38.750 [main] INFO  c.g.l.LxlFlagApplication - [logStarting,55] - Starting LxlFlagApplication using Java 1.8.0_31 on LAPTOP-LINC7R8B with PID 18316 (E:\test\lxl-long\lxl-flag\target\classes started by 39851 in E:\test\lxl-long)
14:26:38.753 [main] INFO  c.g.l.LxlFlagApplication - [logStartupProfileInfo,663] - No active profile set, falling back to default profiles: default
14:26:40.505 [main] INFO  o.a.c.h.Http11NioProtocol - [log,173] - Initializing ProtocolHandler ["http-nio-9001"]
14:26:40.506 [main] INFO  o.a.c.c.StandardService - [log,173] - Starting service [Tomcat]
14:26:40.506 [main] INFO  o.a.c.c.StandardEngine - [log,173] - Starting Servlet engine: [Apache Tomcat/9.0.46]
14:26:40.638 [main] INFO  o.a.c.c.C.[.[.[/] - [log,173] - Initializing Spring embedded WebApplicationContext
14:26:41.927 [main] INFO  c.z.h.HikariDataSource - [getConnection,110] - HikariPool-1 - Starting...
14:26:42.057 [main] INFO  c.z.h.HikariDataSource - [getConnection,123] - HikariPool-1 - Start completed.
14:26:42.544 [main] INFO  o.a.e.c.DefaultActiviti5CompatibilityHandlerFactory - [createActiviti5CompatibilityHandler,38] - Activiti 5 compatibility handler implementation not found or error during instantiation : org.activiti.compatibility.DefaultActiviti5CompatibilityHandler. Activiti 5 backwards compatibility disabled.
14:26:42.600 [main] INFO  o.a.e.i.ProcessEngineImpl - [<init>,87] - ProcessEngine default created
14:26:42.601 [main] INFO  o.a.e.i.a.DefaultAsyncJobExecutor - [start,169] - Starting up the default async job executor [org.activiti.spring.SpringAsyncExecutor].
14:26:42.601 [Thread-11] INFO  o.a.e.i.a.AcquireAsyncJobsDueRunnable - [run,45] - {} starting to acquire async jobs due
14:26:42.602 [Thread-13] INFO  o.a.e.i.a.ResetExpiredJobsRunnable - [run,51] - {} starting to reset expired jobs
14:26:42.602 [Thread-12] INFO  o.a.e.i.a.AcquireTimerJobsRunnable - [run,49] - {} starting to acquire async jobs due
14:26:43.068 [main] INFO  o.a.c.h.Http11NioProtocol - [log,173] - Starting ProtocolHandler ["http-nio-9001"]
14:26:43.097 [main] INFO  c.g.l.LxlFlagApplication - [logStarted,61] - Started LxlFlagApplication in 4.799 seconds (JVM running for 5.874)
14:28:04.126 [http-nio-9001-exec-1] INFO  o.a.c.c.C.[.[.[/] - [log,173] - Initializing Spring DispatcherServlet 'dispatcherServlet'
14:34:21.947 [main] INFO  c.g.l.LxlFlagApplication - [logStarting,55] - Starting LxlFlagApplication using Java 1.8.0_31 on LAPTOP-LINC7R8B with PID 18480 (E:\test\lxl-long\lxl-flag\target\classes started by 39851 in E:\test\lxl-long)
14:34:21.950 [main] INFO  c.g.l.LxlFlagApplication - [logStartupProfileInfo,663] - No active profile set, falling back to default profiles: default
14:34:23.224 [main] INFO  o.a.c.h.Http11NioProtocol - [log,173] - Initializing ProtocolHandler ["http-nio-9001"]
14:34:23.225 [main] INFO  o.a.c.c.StandardService - [log,173] - Starting service [Tomcat]
14:34:23.225 [main] INFO  o.a.c.c.StandardEngine - [log,173] - Starting Servlet engine: [Apache Tomcat/9.0.46]
14:34:23.346 [main] INFO  o.a.c.c.C.[.[.[/] - [log,173] - Initializing Spring embedded WebApplicationContext
14:34:24.860 [main] INFO  c.z.h.HikariDataSource - [getConnection,110] - HikariPool-1 - Starting...
14:34:24.978 [main] INFO  c.z.h.HikariDataSource - [getConnection,123] - HikariPool-1 - Start completed.
14:34:25.463 [main] INFO  o.a.e.c.DefaultActiviti5CompatibilityHandlerFactory - [createActiviti5CompatibilityHandler,38] - Activiti 5 compatibility handler implementation not found or error during instantiation : org.activiti.compatibility.DefaultActiviti5CompatibilityHandler. Activiti 5 backwards compatibility disabled.
14:34:25.520 [main] INFO  o.a.e.i.ProcessEngineImpl - [<init>,87] - ProcessEngine default created
14:34:25.522 [main] INFO  o.a.e.i.a.DefaultAsyncJobExecutor - [start,169] - Starting up the default async job executor [org.activiti.spring.SpringAsyncExecutor].
14:34:25.523 [Thread-12] INFO  o.a.e.i.a.AcquireTimerJobsRunnable - [run,49] - {} starting to acquire async jobs due
14:34:25.523 [Thread-11] INFO  o.a.e.i.a.AcquireAsyncJobsDueRunnable - [run,45] - {} starting to acquire async jobs due
14:34:25.523 [Thread-13] INFO  o.a.e.i.a.ResetExpiredJobsRunnable - [run,51] - {} starting to reset expired jobs
14:34:25.982 [main] INFO  o.a.c.h.Http11NioProtocol - [log,173] - Starting ProtocolHandler ["http-nio-9001"]
14:34:26.011 [main] INFO  c.g.l.LxlFlagApplication - [logStarted,61] - Started LxlFlagApplication in 4.486 seconds (JVM running for 5.541)
14:34:35.153 [http-nio-9001-exec-2] INFO  o.a.c.c.C.[.[.[/] - [log,173] - Initializing Spring DispatcherServlet 'dispatcherServlet'
