16:16:09.190 [main] INFO  c.g.l.LxlFlagApplication - [logStarting,55] - Starting LxlFlagApplication using Java 1.8.0_31 on LAPTOP-LINC7R8B with PID 63128 (E:\test\lxl-long\lxl-flag\target\classes started by 39851 in E:\test\lxl-long)
16:16:09.195 [main] INFO  c.g.l.LxlFlagApplication - [logStartupProfileInfo,659] - No active profile set, falling back to default profiles: default
16:16:10.803 [main] INFO  o.a.c.h.Http11NioProtocol - [log,173] - Initializing ProtocolHandler ["http-nio-9001"]
16:16:10.804 [main] INFO  o.a.c.c.StandardService - [log,173] - Starting service [Tomcat]
16:16:10.804 [main] INFO  o.a.c.c.StandardEngine - [log,173] - Starting Servlet engine: [Apache Tomcat/9.0.46]
16:16:10.957 [main] INFO  o.a.c.c.C.[.[.[/] - [log,173] - Initializing Spring embedded WebApplicationContext
16:16:11.028 [main] INFO  c.a.d.s.b.a.DruidDataSourceAutoConfigure - [dataSource,56] - Init DruidDataSource
16:16:11.210 [main] INFO  c.a.d.p.DruidDataSource - [init,991] - {dataSource-1} inited
16:16:11.445 [main] INFO  o.h.j.i.u.LogHelper - [logPersistenceUnitInformation,31] - HHH000204: Processing PersistenceUnitInfo [name: default]
16:16:11.509 [main] INFO  o.hibernate.Version - [logVersion,44] - HHH000412: Hibernate ORM core version 5.4.32.Final
16:16:11.651 [main] INFO  o.h.a.common.Version - [<clinit>,56] - HCANN000001: Hibernate Commons Annotations {5.1.2.Final}
16:16:11.800 [main] INFO  o.h.dialect.Dialect - [<init>,175] - HHH000400: Using dialect: org.hibernate.dialect.MySQL8Dialect
16:16:12.434 [main] INFO  o.h.e.t.j.p.i.JtaPlatformInitiator - [initiateService,52] - HHH000490: Using JtaPlatform implementation: [org.hibernate.engine.transaction.jta.platform.internal.NoJtaPlatform]
16:16:14.506 [main] INFO  o.a.e.c.DefaultActiviti5CompatibilityHandlerFactory - [createActiviti5CompatibilityHandler,38] - Activiti 5 compatibility handler implementation not found or error during instantiation : org.activiti.compatibility.DefaultActiviti5CompatibilityHandler. Activiti 5 backwards compatibility disabled.
16:16:14.563 [main] INFO  o.a.e.i.ProcessEngineImpl - [<init>,87] - ProcessEngine default created
16:16:14.564 [main] INFO  o.a.e.i.a.DefaultAsyncJobExecutor - [start,169] - Starting up the default async job executor [org.activiti.spring.SpringAsyncExecutor].
16:16:14.565 [Thread-13] INFO  o.a.e.i.a.AcquireAsyncJobsDueRunnable - [run,45] - {} starting to acquire async jobs due
16:16:14.565 [Thread-15] INFO  o.a.e.i.a.ResetExpiredJobsRunnable - [run,51] - {} starting to reset expired jobs
16:16:14.565 [Thread-14] INFO  o.a.e.i.a.AcquireTimerJobsRunnable - [run,49] - {} starting to acquire async jobs due
16:16:15.953 [main] INFO  o.a.c.h.Http11NioProtocol - [log,173] - Starting ProtocolHandler ["http-nio-9001"]
16:16:15.990 [main] INFO  c.g.l.LxlFlagApplication - [logStarted,61] - Started LxlFlagApplication in 7.216 seconds (JVM running for 8.484)
16:18:57.991 [http-nio-9001-exec-1] INFO  o.a.c.c.C.[.[.[/] - [log,173] - Initializing Spring DispatcherServlet 'dispatcherServlet'
16:29:12.898 [SpringApplicationShutdownHook] INFO  o.a.e.i.a.DefaultAsyncJobExecutor - [shutdown,208] - Shutting down the default async job executor [org.activiti.spring.SpringAsyncExecutor].
16:29:12.898 [activiti-reset-expired-jobs] INFO  o.a.e.i.a.ResetExpiredJobsRunnable - [run,99] - {} stopped resetting expired jobs
16:29:12.898 [activiti-acquire-async-jobs] INFO  o.a.e.i.a.AcquireAsyncJobsDueRunnable - [run,115] - {} stopped async job due acquisition
16:29:12.898 [activiti-acquire-timer-jobs] INFO  o.a.e.i.a.AcquireTimerJobsRunnable - [run,115] - {} stopped async job due acquisition
16:29:12.909 [SpringApplicationShutdownHook] INFO  c.a.d.p.DruidDataSource - [close,1928] - {dataSource-1} closed
16:29:29.256 [main] INFO  c.g.l.LxlFlagApplication - [logStarting,55] - Starting LxlFlagApplication using Java 1.8.0_31 on LAPTOP-LINC7R8B with PID 62208 (E:\test\lxl-long\lxl-flag\target\classes started by 39851 in E:\test\lxl-long)
16:29:29.259 [main] INFO  c.g.l.LxlFlagApplication - [logStartupProfileInfo,659] - No active profile set, falling back to default profiles: default
16:29:30.967 [main] INFO  o.a.c.h.Http11NioProtocol - [log,173] - Initializing ProtocolHandler ["http-nio-9001"]
16:29:30.968 [main] INFO  o.a.c.c.StandardService - [log,173] - Starting service [Tomcat]
16:29:30.968 [main] INFO  o.a.c.c.StandardEngine - [log,173] - Starting Servlet engine: [Apache Tomcat/9.0.46]
16:29:31.124 [main] INFO  o.a.c.c.C.[.[.[/] - [log,173] - Initializing Spring embedded WebApplicationContext
16:29:31.207 [main] INFO  c.a.d.s.b.a.DruidDataSourceAutoConfigure - [dataSource,56] - Init DruidDataSource
16:29:31.404 [main] INFO  c.a.d.p.DruidDataSource - [init,991] - {dataSource-1} inited
16:29:31.630 [main] INFO  o.h.j.i.u.LogHelper - [logPersistenceUnitInformation,31] - HHH000204: Processing PersistenceUnitInfo [name: default]
16:29:31.699 [main] INFO  o.hibernate.Version - [logVersion,44] - HHH000412: Hibernate ORM core version 5.4.32.Final
16:29:31.867 [main] INFO  o.h.a.common.Version - [<clinit>,56] - HCANN000001: Hibernate Commons Annotations {5.1.2.Final}
16:29:32.042 [main] INFO  o.h.dialect.Dialect - [<init>,175] - HHH000400: Using dialect: org.hibernate.dialect.MySQL8Dialect
16:29:32.721 [main] INFO  o.h.e.t.j.p.i.JtaPlatformInitiator - [initiateService,52] - HHH000490: Using JtaPlatform implementation: [org.hibernate.engine.transaction.jta.platform.internal.NoJtaPlatform]
16:29:34.814 [main] INFO  o.a.e.c.DefaultActiviti5CompatibilityHandlerFactory - [createActiviti5CompatibilityHandler,38] - Activiti 5 compatibility handler implementation not found or error during instantiation : org.activiti.compatibility.DefaultActiviti5CompatibilityHandler. Activiti 5 backwards compatibility disabled.
16:29:34.875 [main] INFO  o.a.e.i.ProcessEngineImpl - [<init>,87] - ProcessEngine default created
16:29:34.876 [main] INFO  o.a.e.i.a.DefaultAsyncJobExecutor - [start,169] - Starting up the default async job executor [org.activiti.spring.SpringAsyncExecutor].
16:29:34.877 [Thread-16] INFO  o.a.e.i.a.ResetExpiredJobsRunnable - [run,51] - {} starting to reset expired jobs
16:29:34.877 [Thread-14] INFO  o.a.e.i.a.AcquireAsyncJobsDueRunnable - [run,45] - {} starting to acquire async jobs due
16:29:34.877 [Thread-15] INFO  o.a.e.i.a.AcquireTimerJobsRunnable - [run,49] - {} starting to acquire async jobs due
16:29:36.447 [main] INFO  o.a.c.h.Http11NioProtocol - [log,173] - Starting ProtocolHandler ["http-nio-9001"]
16:29:36.484 [main] INFO  c.g.l.LxlFlagApplication - [logStarted,61] - Started LxlFlagApplication in 7.639 seconds (JVM running for 8.957)
16:29:47.610 [http-nio-9001-exec-4] INFO  o.a.c.c.C.[.[.[/] - [log,173] - Initializing Spring DispatcherServlet 'dispatcherServlet'
16:33:50.331 [SpringApplicationShutdownHook] INFO  o.a.e.i.a.DefaultAsyncJobExecutor - [shutdown,208] - Shutting down the default async job executor [org.activiti.spring.SpringAsyncExecutor].
16:33:50.331 [activiti-acquire-timer-jobs] INFO  o.a.e.i.a.AcquireTimerJobsRunnable - [run,115] - {} stopped async job due acquisition
16:33:50.331 [activiti-acquire-async-jobs] INFO  o.a.e.i.a.AcquireAsyncJobsDueRunnable - [run,115] - {} stopped async job due acquisition
16:33:50.331 [activiti-reset-expired-jobs] INFO  o.a.e.i.a.ResetExpiredJobsRunnable - [run,99] - {} stopped resetting expired jobs
16:33:50.340 [SpringApplicationShutdownHook] INFO  c.a.d.p.DruidDataSource - [close,1928] - {dataSource-1} closed
16:34:34.611 [main] INFO  c.g.l.LxlFlagApplication - [logStarting,55] - Starting LxlFlagApplication using Java 1.8.0_31 on LAPTOP-LINC7R8B with PID 38224 (E:\test\lxl-long\lxl-flag\target\classes started by 39851 in E:\test\lxl-long)
16:34:34.614 [main] INFO  c.g.l.LxlFlagApplication - [logStartupProfileInfo,659] - No active profile set, falling back to default profiles: default
16:34:36.181 [main] INFO  o.a.c.h.Http11NioProtocol - [log,173] - Initializing ProtocolHandler ["http-nio-9001"]
16:34:36.181 [main] INFO  o.a.c.c.StandardService - [log,173] - Starting service [Tomcat]
16:34:36.182 [main] INFO  o.a.c.c.StandardEngine - [log,173] - Starting Servlet engine: [Apache Tomcat/9.0.46]
16:34:36.339 [main] INFO  o.a.c.c.C.[.[.[/] - [log,173] - Initializing Spring embedded WebApplicationContext
16:34:36.410 [main] INFO  c.a.d.s.b.a.DruidDataSourceAutoConfigure - [dataSource,56] - Init DruidDataSource
16:34:36.591 [main] INFO  c.a.d.p.DruidDataSource - [init,991] - {dataSource-1} inited
16:34:36.808 [main] INFO  o.h.j.i.u.LogHelper - [logPersistenceUnitInformation,31] - HHH000204: Processing PersistenceUnitInfo [name: default]
16:34:36.868 [main] INFO  o.hibernate.Version - [logVersion,44] - HHH000412: Hibernate ORM core version 5.4.32.Final
16:34:37.009 [main] INFO  o.h.a.common.Version - [<clinit>,56] - HCANN000001: Hibernate Commons Annotations {5.1.2.Final}
16:34:37.158 [main] INFO  o.h.dialect.Dialect - [<init>,175] - HHH000400: Using dialect: org.hibernate.dialect.MySQL8Dialect
16:34:37.777 [main] INFO  o.h.e.t.j.p.i.JtaPlatformInitiator - [initiateService,52] - HHH000490: Using JtaPlatform implementation: [org.hibernate.engine.transaction.jta.platform.internal.NoJtaPlatform]
16:34:39.818 [main] INFO  o.a.e.c.DefaultActiviti5CompatibilityHandlerFactory - [createActiviti5CompatibilityHandler,38] - Activiti 5 compatibility handler implementation not found or error during instantiation : org.activiti.compatibility.DefaultActiviti5CompatibilityHandler. Activiti 5 backwards compatibility disabled.
16:34:39.866 [main] INFO  o.a.e.i.ProcessEngineImpl - [<init>,87] - ProcessEngine default created
16:34:39.867 [main] INFO  o.a.e.i.a.DefaultAsyncJobExecutor - [start,169] - Starting up the default async job executor [org.activiti.spring.SpringAsyncExecutor].
16:34:39.868 [Thread-13] INFO  o.a.e.i.a.AcquireAsyncJobsDueRunnable - [run,45] - {} starting to acquire async jobs due
16:34:39.868 [Thread-14] INFO  o.a.e.i.a.AcquireTimerJobsRunnable - [run,49] - {} starting to acquire async jobs due
16:34:39.868 [Thread-15] INFO  o.a.e.i.a.ResetExpiredJobsRunnable - [run,51] - {} starting to reset expired jobs
16:34:41.229 [main] INFO  o.a.c.h.Http11NioProtocol - [log,173] - Starting ProtocolHandler ["http-nio-9001"]
16:34:41.265 [main] INFO  c.g.l.LxlFlagApplication - [logStarted,61] - Started LxlFlagApplication in 7.047 seconds (JVM running for 8.321)
16:34:45.225 [http-nio-9001-exec-3] INFO  o.a.c.c.C.[.[.[/] - [log,173] - Initializing Spring DispatcherServlet 'dispatcherServlet'
16:44:17.758 [SpringApplicationShutdownHook] INFO  o.a.e.i.a.DefaultAsyncJobExecutor - [shutdown,208] - Shutting down the default async job executor [org.activiti.spring.SpringAsyncExecutor].
16:44:17.759 [activiti-reset-expired-jobs] INFO  o.a.e.i.a.ResetExpiredJobsRunnable - [run,99] - {} stopped resetting expired jobs
16:44:17.759 [activiti-acquire-async-jobs] INFO  o.a.e.i.a.AcquireAsyncJobsDueRunnable - [run,115] - {} stopped async job due acquisition
16:44:17.759 [activiti-acquire-timer-jobs] INFO  o.a.e.i.a.AcquireTimerJobsRunnable - [run,115] - {} stopped async job due acquisition
16:44:17.776 [SpringApplicationShutdownHook] INFO  c.a.d.p.DruidDataSource - [close,1928] - {dataSource-1} closed
16:44:38.102 [main] INFO  c.g.l.LxlFlagApplication - [logStarting,55] - Starting LxlFlagApplication using Java 1.8.0_31 on LAPTOP-LINC7R8B with PID 81700 (E:\test\lxl-long\lxl-flag\target\classes started by 39851 in E:\test\lxl-long)
16:44:38.105 [main] INFO  c.g.l.LxlFlagApplication - [logStartupProfileInfo,659] - No active profile set, falling back to default profiles: default
16:44:39.784 [main] INFO  o.a.c.h.Http11NioProtocol - [log,173] - Initializing ProtocolHandler ["http-nio-9001"]
16:44:39.784 [main] INFO  o.a.c.c.StandardService - [log,173] - Starting service [Tomcat]
16:44:39.784 [main] INFO  o.a.c.c.StandardEngine - [log,173] - Starting Servlet engine: [Apache Tomcat/9.0.46]
16:44:39.939 [main] INFO  o.a.c.c.C.[.[.[/] - [log,173] - Initializing Spring embedded WebApplicationContext
16:44:40.011 [main] INFO  c.a.d.s.b.a.DruidDataSourceAutoConfigure - [dataSource,56] - Init DruidDataSource
16:44:40.194 [main] INFO  c.a.d.p.DruidDataSource - [init,991] - {dataSource-1} inited
16:44:40.453 [main] INFO  o.h.j.i.u.LogHelper - [logPersistenceUnitInformation,31] - HHH000204: Processing PersistenceUnitInfo [name: default]
16:44:40.525 [main] INFO  o.hibernate.Version - [logVersion,44] - HHH000412: Hibernate ORM core version 5.4.32.Final
16:44:40.682 [main] INFO  o.h.a.common.Version - [<clinit>,56] - HCANN000001: Hibernate Commons Annotations {5.1.2.Final}
16:44:40.906 [main] INFO  o.h.dialect.Dialect - [<init>,175] - HHH000400: Using dialect: org.hibernate.dialect.MySQL8Dialect
16:44:41.601 [main] INFO  o.h.e.t.j.p.i.JtaPlatformInitiator - [initiateService,52] - HHH000490: Using JtaPlatform implementation: [org.hibernate.engine.transaction.jta.platform.internal.NoJtaPlatform]
16:44:43.815 [main] INFO  o.a.e.c.DefaultActiviti5CompatibilityHandlerFactory - [createActiviti5CompatibilityHandler,38] - Activiti 5 compatibility handler implementation not found or error during instantiation : org.activiti.compatibility.DefaultActiviti5CompatibilityHandler. Activiti 5 backwards compatibility disabled.
16:44:43.861 [main] INFO  o.a.e.i.ProcessEngineImpl - [<init>,87] - ProcessEngine default created
16:44:43.863 [main] INFO  o.a.e.i.a.DefaultAsyncJobExecutor - [start,169] - Starting up the default async job executor [org.activiti.spring.SpringAsyncExecutor].
16:44:43.864 [Thread-14] INFO  o.a.e.i.a.AcquireTimerJobsRunnable - [run,49] - {} starting to acquire async jobs due
16:44:43.864 [Thread-13] INFO  o.a.e.i.a.AcquireAsyncJobsDueRunnable - [run,45] - {} starting to acquire async jobs due
16:44:43.864 [Thread-15] INFO  o.a.e.i.a.ResetExpiredJobsRunnable - [run,51] - {} starting to reset expired jobs
16:44:45.401 [main] INFO  o.a.c.h.Http11NioProtocol - [log,173] - Starting ProtocolHandler ["http-nio-9001"]
16:44:45.436 [main] INFO  c.g.l.LxlFlagApplication - [logStarted,61] - Started LxlFlagApplication in 7.734 seconds (JVM running for 8.967)
16:45:01.935 [http-nio-9001-exec-2] INFO  o.a.c.c.C.[.[.[/] - [log,173] - Initializing Spring DispatcherServlet 'dispatcherServlet'
16:48:12.260 [SpringApplicationShutdownHook] INFO  o.a.e.i.a.DefaultAsyncJobExecutor - [shutdown,208] - Shutting down the default async job executor [org.activiti.spring.SpringAsyncExecutor].
16:48:12.260 [activiti-acquire-timer-jobs] INFO  o.a.e.i.a.AcquireTimerJobsRunnable - [run,115] - {} stopped async job due acquisition
16:48:12.260 [activiti-reset-expired-jobs] INFO  o.a.e.i.a.ResetExpiredJobsRunnable - [run,99] - {} stopped resetting expired jobs
16:48:12.260 [activiti-acquire-async-jobs] INFO  o.a.e.i.a.AcquireAsyncJobsDueRunnable - [run,115] - {} stopped async job due acquisition
16:48:12.271 [SpringApplicationShutdownHook] INFO  c.a.d.p.DruidDataSource - [close,1928] - {dataSource-1} closed
16:48:39.339 [main] INFO  c.g.l.LxlFlagApplication - [logStarting,55] - Starting LxlFlagApplication using Java 1.8.0_31 on LAPTOP-LINC7R8B with PID 75524 (E:\test\lxl-long\lxl-flag\target\classes started by 39851 in E:\test\lxl-long)
16:48:39.343 [main] INFO  c.g.l.LxlFlagApplication - [logStartupProfileInfo,659] - No active profile set, falling back to default profiles: default
16:48:41.057 [main] INFO  o.a.c.h.Http11NioProtocol - [log,173] - Initializing ProtocolHandler ["http-nio-9001"]
16:48:41.058 [main] INFO  o.a.c.c.StandardService - [log,173] - Starting service [Tomcat]
16:48:41.058 [main] INFO  o.a.c.c.StandardEngine - [log,173] - Starting Servlet engine: [Apache Tomcat/9.0.46]
16:48:41.215 [main] INFO  o.a.c.c.C.[.[.[/] - [log,173] - Initializing Spring embedded WebApplicationContext
16:48:41.286 [main] INFO  c.a.d.s.b.a.DruidDataSourceAutoConfigure - [dataSource,56] - Init DruidDataSource
16:48:41.485 [main] INFO  c.a.d.p.DruidDataSource - [init,991] - {dataSource-1} inited
16:48:41.704 [main] INFO  o.h.j.i.u.LogHelper - [logPersistenceUnitInformation,31] - HHH000204: Processing PersistenceUnitInfo [name: default]
16:48:41.766 [main] INFO  o.hibernate.Version - [logVersion,44] - HHH000412: Hibernate ORM core version 5.4.32.Final
16:48:41.915 [main] INFO  o.h.a.common.Version - [<clinit>,56] - HCANN000001: Hibernate Commons Annotations {5.1.2.Final}
16:48:42.075 [main] INFO  o.h.dialect.Dialect - [<init>,175] - HHH000400: Using dialect: org.hibernate.dialect.MySQL8Dialect
16:48:42.750 [main] INFO  o.h.e.t.j.p.i.JtaPlatformInitiator - [initiateService,52] - HHH000490: Using JtaPlatform implementation: [org.hibernate.engine.transaction.jta.platform.internal.NoJtaPlatform]
16:48:44.850 [main] INFO  o.a.e.c.DefaultActiviti5CompatibilityHandlerFactory - [createActiviti5CompatibilityHandler,38] - Activiti 5 compatibility handler implementation not found or error during instantiation : org.activiti.compatibility.DefaultActiviti5CompatibilityHandler. Activiti 5 backwards compatibility disabled.
16:48:44.898 [main] INFO  o.a.e.i.ProcessEngineImpl - [<init>,87] - ProcessEngine default created
16:48:44.899 [main] INFO  o.a.e.i.a.DefaultAsyncJobExecutor - [start,169] - Starting up the default async job executor [org.activiti.spring.SpringAsyncExecutor].
16:48:44.900 [Thread-13] INFO  o.a.e.i.a.AcquireAsyncJobsDueRunnable - [run,45] - {} starting to acquire async jobs due
16:48:44.900 [Thread-14] INFO  o.a.e.i.a.AcquireTimerJobsRunnable - [run,49] - {} starting to acquire async jobs due
16:48:44.900 [Thread-15] INFO  o.a.e.i.a.ResetExpiredJobsRunnable - [run,51] - {} starting to reset expired jobs
16:48:46.306 [main] INFO  o.a.c.h.Http11NioProtocol - [log,173] - Starting ProtocolHandler ["http-nio-9001"]
16:48:46.350 [main] INFO  c.g.l.LxlFlagApplication - [logStarted,61] - Started LxlFlagApplication in 7.497 seconds (JVM running for 8.79)
16:55:03.199 [http-nio-9001-exec-2] INFO  o.a.c.c.C.[.[.[/] - [log,173] - Initializing Spring DispatcherServlet 'dispatcherServlet'
16:55:26.007 [SpringApplicationShutdownHook] INFO  o.a.e.i.a.DefaultAsyncJobExecutor - [shutdown,208] - Shutting down the default async job executor [org.activiti.spring.SpringAsyncExecutor].
16:55:26.007 [activiti-acquire-timer-jobs] INFO  o.a.e.i.a.AcquireTimerJobsRunnable - [run,115] - {} stopped async job due acquisition
16:55:26.007 [activiti-acquire-async-jobs] INFO  o.a.e.i.a.AcquireAsyncJobsDueRunnable - [run,115] - {} stopped async job due acquisition
16:55:26.007 [activiti-reset-expired-jobs] INFO  o.a.e.i.a.ResetExpiredJobsRunnable - [run,99] - {} stopped resetting expired jobs
16:55:26.017 [SpringApplicationShutdownHook] INFO  c.a.d.p.DruidDataSource - [close,1928] - {dataSource-1} closed
16:56:14.264 [main] INFO  c.g.l.LxlFlagApplication - [logStarting,55] - Starting LxlFlagApplication using Java 1.8.0_31 on LAPTOP-LINC7R8B with PID 81372 (E:\test\lxl-long\lxl-flag\target\classes started by 39851 in E:\test\lxl-long)
16:56:14.267 [main] INFO  c.g.l.LxlFlagApplication - [logStartupProfileInfo,659] - No active profile set, falling back to default profiles: default
16:56:15.819 [main] INFO  o.a.c.h.Http11NioProtocol - [log,173] - Initializing ProtocolHandler ["http-nio-9001"]
16:56:15.820 [main] INFO  o.a.c.c.StandardService - [log,173] - Starting service [Tomcat]
16:56:15.820 [main] INFO  o.a.c.c.StandardEngine - [log,173] - Starting Servlet engine: [Apache Tomcat/9.0.46]
16:56:15.977 [main] INFO  o.a.c.c.C.[.[.[/] - [log,173] - Initializing Spring embedded WebApplicationContext
16:56:16.054 [main] INFO  c.a.d.s.b.a.DruidDataSourceAutoConfigure - [dataSource,56] - Init DruidDataSource
16:56:16.239 [main] INFO  c.a.d.p.DruidDataSource - [init,991] - {dataSource-1} inited
16:56:16.454 [main] INFO  o.h.j.i.u.LogHelper - [logPersistenceUnitInformation,31] - HHH000204: Processing PersistenceUnitInfo [name: default]
16:56:16.514 [main] INFO  o.hibernate.Version - [logVersion,44] - HHH000412: Hibernate ORM core version 5.4.32.Final
16:56:16.655 [main] INFO  o.h.a.common.Version - [<clinit>,56] - HCANN000001: Hibernate Commons Annotations {5.1.2.Final}
16:56:16.807 [main] INFO  o.h.dialect.Dialect - [<init>,175] - HHH000400: Using dialect: org.hibernate.dialect.MySQL8Dialect
16:56:17.452 [main] INFO  o.h.e.t.j.p.i.JtaPlatformInitiator - [initiateService,52] - HHH000490: Using JtaPlatform implementation: [org.hibernate.engine.transaction.jta.platform.internal.NoJtaPlatform]
16:56:19.493 [main] INFO  o.a.e.c.DefaultActiviti5CompatibilityHandlerFactory - [createActiviti5CompatibilityHandler,38] - Activiti 5 compatibility handler implementation not found or error during instantiation : org.activiti.compatibility.DefaultActiviti5CompatibilityHandler. Activiti 5 backwards compatibility disabled.
16:56:19.542 [main] INFO  o.a.e.i.ProcessEngineImpl - [<init>,87] - ProcessEngine default created
16:56:19.543 [main] INFO  o.a.e.i.a.DefaultAsyncJobExecutor - [start,169] - Starting up the default async job executor [org.activiti.spring.SpringAsyncExecutor].
16:56:19.544 [Thread-15] INFO  o.a.e.i.a.ResetExpiredJobsRunnable - [run,51] - {} starting to reset expired jobs
16:56:19.544 [Thread-13] INFO  o.a.e.i.a.AcquireAsyncJobsDueRunnable - [run,45] - {} starting to acquire async jobs due
16:56:19.544 [Thread-14] INFO  o.a.e.i.a.AcquireTimerJobsRunnable - [run,49] - {} starting to acquire async jobs due
16:56:20.941 [main] INFO  o.a.c.h.Http11NioProtocol - [log,173] - Starting ProtocolHandler ["http-nio-9001"]
16:56:20.977 [main] INFO  c.g.l.LxlFlagApplication - [logStarted,61] - Started LxlFlagApplication in 7.107 seconds (JVM running for 8.34)
16:56:46.552 [http-nio-9001-exec-1] INFO  o.a.c.c.C.[.[.[/] - [log,173] - Initializing Spring DispatcherServlet 'dispatcherServlet'
16:59:21.169 [SpringApplicationShutdownHook] INFO  o.a.e.i.a.DefaultAsyncJobExecutor - [shutdown,208] - Shutting down the default async job executor [org.activiti.spring.SpringAsyncExecutor].
16:59:21.169 [activiti-reset-expired-jobs] INFO  o.a.e.i.a.ResetExpiredJobsRunnable - [run,99] - {} stopped resetting expired jobs
16:59:21.169 [activiti-acquire-timer-jobs] INFO  o.a.e.i.a.AcquireTimerJobsRunnable - [run,115] - {} stopped async job due acquisition
16:59:21.169 [activiti-acquire-async-jobs] INFO  o.a.e.i.a.AcquireAsyncJobsDueRunnable - [run,115] - {} stopped async job due acquisition
16:59:21.180 [SpringApplicationShutdownHook] INFO  c.a.d.p.DruidDataSource - [close,1928] - {dataSource-1} closed
16:59:34.013 [main] INFO  c.g.l.LxlFlagApplication - [logStarting,55] - Starting LxlFlagApplication using Java 1.8.0_31 on LAPTOP-LINC7R8B with PID 77364 (E:\test\lxl-long\lxl-flag\target\classes started by 39851 in E:\test\lxl-long)
16:59:34.016 [main] INFO  c.g.l.LxlFlagApplication - [logStartupProfileInfo,659] - No active profile set, falling back to default profiles: default
16:59:35.575 [main] INFO  o.a.c.h.Http11NioProtocol - [log,173] - Initializing ProtocolHandler ["http-nio-9001"]
16:59:35.575 [main] INFO  o.a.c.c.StandardService - [log,173] - Starting service [Tomcat]
16:59:35.575 [main] INFO  o.a.c.c.StandardEngine - [log,173] - Starting Servlet engine: [Apache Tomcat/9.0.46]
16:59:35.731 [main] INFO  o.a.c.c.C.[.[.[/] - [log,173] - Initializing Spring embedded WebApplicationContext
16:59:35.803 [main] INFO  c.a.d.s.b.a.DruidDataSourceAutoConfigure - [dataSource,56] - Init DruidDataSource
16:59:35.998 [main] INFO  c.a.d.p.DruidDataSource - [init,991] - {dataSource-1} inited
16:59:36.213 [main] INFO  o.h.j.i.u.LogHelper - [logPersistenceUnitInformation,31] - HHH000204: Processing PersistenceUnitInfo [name: default]
16:59:36.273 [main] INFO  o.hibernate.Version - [logVersion,44] - HHH000412: Hibernate ORM core version 5.4.32.Final
16:59:36.414 [main] INFO  o.h.a.common.Version - [<clinit>,56] - HCANN000001: Hibernate Commons Annotations {5.1.2.Final}
16:59:36.564 [main] INFO  o.h.dialect.Dialect - [<init>,175] - HHH000400: Using dialect: org.hibernate.dialect.MySQL8Dialect
16:59:37.252 [main] INFO  o.h.e.t.j.p.i.JtaPlatformInitiator - [initiateService,52] - HHH000490: Using JtaPlatform implementation: [org.hibernate.engine.transaction.jta.platform.internal.NoJtaPlatform]
16:59:39.319 [main] INFO  o.a.e.c.DefaultActiviti5CompatibilityHandlerFactory - [createActiviti5CompatibilityHandler,38] - Activiti 5 compatibility handler implementation not found or error during instantiation : org.activiti.compatibility.DefaultActiviti5CompatibilityHandler. Activiti 5 backwards compatibility disabled.
16:59:39.368 [main] INFO  o.a.e.i.ProcessEngineImpl - [<init>,87] - ProcessEngine default created
16:59:39.370 [main] INFO  o.a.e.i.a.DefaultAsyncJobExecutor - [start,169] - Starting up the default async job executor [org.activiti.spring.SpringAsyncExecutor].
16:59:39.370 [Thread-12] INFO  o.a.e.i.a.AcquireAsyncJobsDueRunnable - [run,45] - {} starting to acquire async jobs due
16:59:39.371 [Thread-13] INFO  o.a.e.i.a.AcquireTimerJobsRunnable - [run,49] - {} starting to acquire async jobs due
16:59:39.371 [Thread-14] INFO  o.a.e.i.a.ResetExpiredJobsRunnable - [run,51] - {} starting to reset expired jobs
16:59:40.758 [main] INFO  o.a.c.h.Http11NioProtocol - [log,173] - Starting ProtocolHandler ["http-nio-9001"]
16:59:40.793 [main] INFO  c.g.l.LxlFlagApplication - [logStarted,61] - Started LxlFlagApplication in 7.177 seconds (JVM running for 8.467)
16:59:47.558 [http-nio-9001-exec-2] INFO  o.a.c.c.C.[.[.[/] - [log,173] - Initializing Spring DispatcherServlet 'dispatcherServlet'
19:35:58.783 [SpringApplicationShutdownHook] INFO  o.a.e.i.a.DefaultAsyncJobExecutor - [shutdown,208] - Shutting down the default async job executor [org.activiti.spring.SpringAsyncExecutor].
19:35:58.784 [activiti-reset-expired-jobs] INFO  o.a.e.i.a.ResetExpiredJobsRunnable - [run,99] - {} stopped resetting expired jobs
19:35:58.784 [activiti-acquire-async-jobs] INFO  o.a.e.i.a.AcquireAsyncJobsDueRunnable - [run,115] - {} stopped async job due acquisition
19:35:58.784 [activiti-acquire-timer-jobs] INFO  o.a.e.i.a.AcquireTimerJobsRunnable - [run,115] - {} stopped async job due acquisition
19:35:58.803 [SpringApplicationShutdownHook] INFO  c.a.d.p.DruidDataSource - [close,1928] - {dataSource-1} closed
