14:06:54.631 [main] INFO  c.g.l.LxlFlagApplication - [logStarting,55] - Starting LxlFlagApplication using Java 1.8.0_31 on LAPTOP-LINC7R8B with PID 10924 (E:\test\lxl-long\lxl-flag\target\classes started by 39851 in E:\test\lxl-long)
14:06:54.638 [main] INFO  c.g.l.LxlFlagApplication - [logStartupProfileInfo,659] - No active profile set, falling back to default profiles: default
14:06:56.522 [main] INFO  o.a.c.h.Http11NioProtocol - [log,173] - Initializing ProtocolHandler ["http-nio-9001"]
14:06:56.523 [main] INFO  o.a.c.c.StandardService - [log,173] - Starting service [Tomcat]
14:06:56.523 [main] INFO  o.a.c.c.StandardEngine - [log,173] - Starting Servlet engine: [Apache Tomcat/9.0.46]
14:06:56.713 [main] INFO  o.a.c.c.C.[.[.[/] - [log,173] - Initializing Spring embedded WebApplicationContext
14:06:56.890 [main] INFO  c.a.d.s.b.a.DruidDataSourceAutoConfigure - [dataSource,56] - Init DruidDataSource
14:06:57.067 [main] INFO  c.a.d.p.DruidDataSource - [init,991] - {dataSource-1} inited
14:06:57.361 [main] INFO  o.h.j.i.u.LogHelper - [logPersistenceUnitInformation,31] - HHH000204: Processing PersistenceUnitInfo [name: default]
14:06:57.431 [main] INFO  o.hibernate.Version - [logVersion,44] - HHH000412: Hibernate ORM core version 5.4.32.Final
14:06:57.596 [main] INFO  o.h.a.common.Version - [<clinit>,56] - HCANN000001: Hibernate Commons Annotations {5.1.2.Final}
14:06:57.764 [main] INFO  o.h.dialect.Dialect - [<init>,175] - HHH000400: Using dialect: org.hibernate.dialect.MySQL8Dialect
14:06:58.447 [main] INFO  o.h.e.t.j.p.i.JtaPlatformInitiator - [initiateService,52] - HHH000490: Using JtaPlatform implementation: [org.hibernate.engine.transaction.jta.platform.internal.NoJtaPlatform]
14:07:00.656 [main] INFO  o.a.e.c.DefaultActiviti5CompatibilityHandlerFactory - [createActiviti5CompatibilityHandler,38] - Activiti 5 compatibility handler implementation not found or error during instantiation : org.activiti.compatibility.DefaultActiviti5CompatibilityHandler. Activiti 5 backwards compatibility disabled.
14:07:00.872 [main] INFO  o.a.e.i.ProcessEngineImpl - [<init>,87] - ProcessEngine default created
14:07:00.873 [main] INFO  o.a.e.i.a.DefaultAsyncJobExecutor - [start,169] - Starting up the default async job executor [org.activiti.spring.SpringAsyncExecutor].
14:07:00.874 [Thread-16] INFO  o.a.e.i.a.ResetExpiredJobsRunnable - [run,51] - {} starting to reset expired jobs
14:07:00.874 [Thread-15] INFO  o.a.e.i.a.AcquireTimerJobsRunnable - [run,49] - {} starting to acquire async jobs due
14:07:00.874 [Thread-14] INFO  o.a.e.i.a.AcquireAsyncJobsDueRunnable - [run,45] - {} starting to acquire async jobs due
14:07:02.593 [main] INFO  o.a.c.h.Http11NioProtocol - [log,173] - Starting ProtocolHandler ["http-nio-9001"]
14:07:02.630 [main] INFO  c.g.l.LxlFlagApplication - [logStarted,61] - Started LxlFlagApplication in 8.462 seconds (JVM running for 9.771)
14:07:02.632 [main] INFO  c.g.l.f.r.c.StartConfig - [run,21] - 测试ApplicationRunner打印你一定猜不到吧
14:07:02.632 [main] INFO  c.g.l.f.r.c.StartConfig - [run,22] - 测试appId:123456
14:07:02.632 [main] INFO  c.g.l.f.r.c.StartConfig - [run,23] - 测试appSecret:456789
14:07:40.351 [SpringApplicationShutdownHook] INFO  o.a.e.i.a.DefaultAsyncJobExecutor - [shutdown,208] - Shutting down the default async job executor [org.activiti.spring.SpringAsyncExecutor].
14:07:40.358 [activiti-acquire-timer-jobs] INFO  o.a.e.i.a.AcquireTimerJobsRunnable - [run,115] - {} stopped async job due acquisition
14:07:40.360 [activiti-acquire-async-jobs] INFO  o.a.e.i.a.AcquireAsyncJobsDueRunnable - [run,115] - {} stopped async job due acquisition
14:07:40.361 [activiti-reset-expired-jobs] INFO  o.a.e.i.a.ResetExpiredJobsRunnable - [run,99] - {} stopped resetting expired jobs
14:07:40.383 [SpringApplicationShutdownHook] INFO  c.a.d.p.DruidDataSource - [close,1928] - {dataSource-1} closed
14:07:57.335 [main] INFO  c.g.l.LxlFlagApplication - [logStarting,55] - Starting LxlFlagApplication using Java 1.8.0_31 on LAPTOP-LINC7R8B with PID 35480 (E:\test\lxl-long\lxl-flag\target\classes started by 39851 in E:\test\lxl-long)
14:07:57.337 [main] INFO  c.g.l.LxlFlagApplication - [logStartupProfileInfo,659] - No active profile set, falling back to default profiles: default
14:07:59.085 [main] INFO  o.a.c.h.Http11NioProtocol - [log,173] - Initializing ProtocolHandler ["http-nio-9001"]
14:07:59.086 [main] INFO  o.a.c.c.StandardService - [log,173] - Starting service [Tomcat]
14:07:59.086 [main] INFO  o.a.c.c.StandardEngine - [log,173] - Starting Servlet engine: [Apache Tomcat/9.0.46]
14:07:59.230 [main] INFO  o.a.c.c.C.[.[.[/] - [log,173] - Initializing Spring embedded WebApplicationContext
14:07:59.372 [main] INFO  c.a.d.s.b.a.DruidDataSourceAutoConfigure - [dataSource,56] - Init DruidDataSource
14:07:59.515 [main] INFO  c.a.d.p.DruidDataSource - [init,991] - {dataSource-1} inited
14:07:59.768 [main] INFO  o.h.j.i.u.LogHelper - [logPersistenceUnitInformation,31] - HHH000204: Processing PersistenceUnitInfo [name: default]
14:07:59.832 [main] INFO  o.hibernate.Version - [logVersion,44] - HHH000412: Hibernate ORM core version 5.4.32.Final
14:07:59.976 [main] INFO  o.h.a.common.Version - [<clinit>,56] - HCANN000001: Hibernate Commons Annotations {5.1.2.Final}
14:08:00.137 [main] INFO  o.h.dialect.Dialect - [<init>,175] - HHH000400: Using dialect: org.hibernate.dialect.MySQL8Dialect
14:08:00.809 [main] INFO  o.h.e.t.j.p.i.JtaPlatformInitiator - [initiateService,52] - HHH000490: Using JtaPlatform implementation: [org.hibernate.engine.transaction.jta.platform.internal.NoJtaPlatform]
14:08:02.529 [main] INFO  o.a.e.c.DefaultActiviti5CompatibilityHandlerFactory - [createActiviti5CompatibilityHandler,38] - Activiti 5 compatibility handler implementation not found or error during instantiation : org.activiti.compatibility.DefaultActiviti5CompatibilityHandler. Activiti 5 backwards compatibility disabled.
14:08:02.729 [main] INFO  o.a.e.i.ProcessEngineImpl - [<init>,87] - ProcessEngine default created
14:08:02.730 [main] INFO  o.a.e.i.a.DefaultAsyncJobExecutor - [start,169] - Starting up the default async job executor [org.activiti.spring.SpringAsyncExecutor].
14:08:02.731 [Thread-14] INFO  o.a.e.i.a.AcquireTimerJobsRunnable - [run,49] - {} starting to acquire async jobs due
14:08:02.731 [Thread-15] INFO  o.a.e.i.a.ResetExpiredJobsRunnable - [run,51] - {} starting to reset expired jobs
14:08:02.731 [Thread-13] INFO  o.a.e.i.a.AcquireAsyncJobsDueRunnable - [run,45] - {} starting to acquire async jobs due
14:08:04.307 [main] INFO  o.a.c.h.Http11NioProtocol - [log,173] - Starting ProtocolHandler ["http-nio-9001"]
14:08:04.343 [main] INFO  c.g.l.LxlFlagApplication - [logStarted,61] - Started LxlFlagApplication in 7.397 seconds (JVM running for 8.643)
14:08:04.346 [main] INFO  c.g.l.f.r.c.StartConfig - [run,21] - 测试ApplicationRunner打印你一定猜不到吧
14:08:04.346 [main] INFO  c.g.l.f.r.c.StartConfig - [run,22] - 测试appId:123456
14:08:04.346 [main] INFO  c.g.l.f.r.c.StartConfig - [run,23] - 测试appSecret:456789
14:08:34.309 [SpringApplicationShutdownHook] INFO  o.a.e.i.a.DefaultAsyncJobExecutor - [shutdown,208] - Shutting down the default async job executor [org.activiti.spring.SpringAsyncExecutor].
14:08:34.310 [activiti-acquire-timer-jobs] INFO  o.a.e.i.a.AcquireTimerJobsRunnable - [run,115] - {} stopped async job due acquisition
14:08:34.310 [activiti-acquire-async-jobs] INFO  o.a.e.i.a.AcquireAsyncJobsDueRunnable - [run,115] - {} stopped async job due acquisition
14:08:34.310 [activiti-reset-expired-jobs] INFO  o.a.e.i.a.ResetExpiredJobsRunnable - [run,99] - {} stopped resetting expired jobs
14:08:34.321 [SpringApplicationShutdownHook] INFO  c.a.d.p.DruidDataSource - [close,1928] - {dataSource-1} closed
14:09:02.952 [main] INFO  c.g.l.LxlFlagApplication - [logStarting,55] - Starting LxlFlagApplication using Java 1.8.0_31 on LAPTOP-LINC7R8B with PID 12976 (E:\test\lxl-long\lxl-flag\target\classes started by 39851 in E:\test\lxl-long)
14:09:02.955 [main] INFO  c.g.l.LxlFlagApplication - [logStartupProfileInfo,659] - No active profile set, falling back to default profiles: default
14:09:04.791 [main] INFO  o.a.c.h.Http11NioProtocol - [log,173] - Initializing ProtocolHandler ["http-nio-9001"]
14:09:04.791 [main] INFO  o.a.c.c.StandardService - [log,173] - Starting service [Tomcat]
14:09:04.792 [main] INFO  o.a.c.c.StandardEngine - [log,173] - Starting Servlet engine: [Apache Tomcat/9.0.46]
14:09:04.939 [main] INFO  o.a.c.c.C.[.[.[/] - [log,173] - Initializing Spring embedded WebApplicationContext
14:09:05.066 [main] INFO  c.a.d.s.b.a.DruidDataSourceAutoConfigure - [dataSource,56] - Init DruidDataSource
14:09:05.211 [main] INFO  c.a.d.p.DruidDataSource - [init,991] - {dataSource-1} inited
14:09:05.473 [main] INFO  o.h.j.i.u.LogHelper - [logPersistenceUnitInformation,31] - HHH000204: Processing PersistenceUnitInfo [name: default]
14:09:05.535 [main] INFO  o.hibernate.Version - [logVersion,44] - HHH000412: Hibernate ORM core version 5.4.32.Final
14:09:05.682 [main] INFO  o.h.a.common.Version - [<clinit>,56] - HCANN000001: Hibernate Commons Annotations {5.1.2.Final}
14:09:05.844 [main] INFO  o.h.dialect.Dialect - [<init>,175] - HHH000400: Using dialect: org.hibernate.dialect.MySQL8Dialect
14:09:06.522 [main] INFO  o.h.e.t.j.p.i.JtaPlatformInitiator - [initiateService,52] - HHH000490: Using JtaPlatform implementation: [org.hibernate.engine.transaction.jta.platform.internal.NoJtaPlatform]
14:09:08.809 [main] INFO  o.a.e.c.DefaultActiviti5CompatibilityHandlerFactory - [createActiviti5CompatibilityHandler,38] - Activiti 5 compatibility handler implementation not found or error during instantiation : org.activiti.compatibility.DefaultActiviti5CompatibilityHandler. Activiti 5 backwards compatibility disabled.
14:09:09.017 [main] INFO  o.a.e.i.ProcessEngineImpl - [<init>,87] - ProcessEngine default created
14:09:09.019 [main] INFO  o.a.e.i.a.DefaultAsyncJobExecutor - [start,169] - Starting up the default async job executor [org.activiti.spring.SpringAsyncExecutor].
14:09:09.020 [Thread-15] INFO  o.a.e.i.a.AcquireAsyncJobsDueRunnable - [run,45] - {} starting to acquire async jobs due
14:09:09.020 [Thread-17] INFO  o.a.e.i.a.ResetExpiredJobsRunnable - [run,51] - {} starting to reset expired jobs
14:09:09.020 [Thread-16] INFO  o.a.e.i.a.AcquireTimerJobsRunnable - [run,49] - {} starting to acquire async jobs due
14:09:10.690 [main] INFO  o.a.c.h.Http11NioProtocol - [log,173] - Starting ProtocolHandler ["http-nio-9001"]
14:09:10.768 [main] INFO  c.g.l.LxlFlagApplication - [logStarted,61] - Started LxlFlagApplication in 8.215 seconds (JVM running for 9.53)
14:09:10.772 [main] INFO  c.g.l.f.r.c.StartConfig - [run,21] - 测试ApplicationRunner打印你一定猜不到吧
14:09:10.772 [main] INFO  c.g.l.f.r.c.StartConfig - [run,22] - 测试appId:123456
14:09:10.772 [main] INFO  c.g.l.f.r.c.StartConfig - [run,23] - 测试appSecret:456789
14:11:06.824 [SpringApplicationShutdownHook] INFO  o.a.e.i.a.DefaultAsyncJobExecutor - [shutdown,208] - Shutting down the default async job executor [org.activiti.spring.SpringAsyncExecutor].
14:11:06.824 [activiti-acquire-timer-jobs] INFO  o.a.e.i.a.AcquireTimerJobsRunnable - [run,115] - {} stopped async job due acquisition
14:11:06.824 [activiti-acquire-async-jobs] INFO  o.a.e.i.a.AcquireAsyncJobsDueRunnable - [run,115] - {} stopped async job due acquisition
14:11:06.824 [activiti-reset-expired-jobs] INFO  o.a.e.i.a.ResetExpiredJobsRunnable - [run,99] - {} stopped resetting expired jobs
14:11:06.834 [SpringApplicationShutdownHook] INFO  c.a.d.p.DruidDataSource - [close,1928] - {dataSource-1} closed
14:11:16.498 [main] INFO  c.g.l.LxlFlagApplication - [logStarting,55] - Starting LxlFlagApplication using Java 1.8.0_31 on LAPTOP-LINC7R8B with PID 28872 (E:\test\lxl-long\lxl-flag\target\classes started by 39851 in E:\test\lxl-long)
14:11:16.501 [main] INFO  c.g.l.LxlFlagApplication - [logStartupProfileInfo,659] - No active profile set, falling back to default profiles: default
14:11:18.265 [main] INFO  o.a.c.h.Http11NioProtocol - [log,173] - Initializing ProtocolHandler ["http-nio-9001"]
14:11:18.266 [main] INFO  o.a.c.c.StandardService - [log,173] - Starting service [Tomcat]
14:11:18.266 [main] INFO  o.a.c.c.StandardEngine - [log,173] - Starting Servlet engine: [Apache Tomcat/9.0.46]
14:11:18.411 [main] INFO  o.a.c.c.C.[.[.[/] - [log,173] - Initializing Spring embedded WebApplicationContext
14:11:18.538 [main] INFO  c.a.d.s.b.a.DruidDataSourceAutoConfigure - [dataSource,56] - Init DruidDataSource
14:11:18.680 [main] INFO  c.a.d.p.DruidDataSource - [init,991] - {dataSource-1} inited
14:11:18.933 [main] INFO  o.h.j.i.u.LogHelper - [logPersistenceUnitInformation,31] - HHH000204: Processing PersistenceUnitInfo [name: default]
14:11:18.994 [main] INFO  o.hibernate.Version - [logVersion,44] - HHH000412: Hibernate ORM core version 5.4.32.Final
14:11:19.135 [main] INFO  o.h.a.common.Version - [<clinit>,56] - HCANN000001: Hibernate Commons Annotations {5.1.2.Final}
14:11:19.302 [main] INFO  o.h.dialect.Dialect - [<init>,175] - HHH000400: Using dialect: org.hibernate.dialect.MySQL8Dialect
14:11:19.923 [main] INFO  o.h.e.t.j.p.i.JtaPlatformInitiator - [initiateService,52] - HHH000490: Using JtaPlatform implementation: [org.hibernate.engine.transaction.jta.platform.internal.NoJtaPlatform]
14:11:22.080 [main] INFO  o.a.e.c.DefaultActiviti5CompatibilityHandlerFactory - [createActiviti5CompatibilityHandler,38] - Activiti 5 compatibility handler implementation not found or error during instantiation : org.activiti.compatibility.DefaultActiviti5CompatibilityHandler. Activiti 5 backwards compatibility disabled.
14:11:22.277 [main] INFO  o.a.e.i.ProcessEngineImpl - [<init>,87] - ProcessEngine default created
14:11:22.279 [main] INFO  o.a.e.i.a.DefaultAsyncJobExecutor - [start,169] - Starting up the default async job executor [org.activiti.spring.SpringAsyncExecutor].
14:11:22.279 [Thread-14] INFO  o.a.e.i.a.AcquireAsyncJobsDueRunnable - [run,45] - {} starting to acquire async jobs due
14:11:22.279 [Thread-16] INFO  o.a.e.i.a.ResetExpiredJobsRunnable - [run,51] - {} starting to reset expired jobs
14:11:22.279 [Thread-15] INFO  o.a.e.i.a.AcquireTimerJobsRunnable - [run,49] - {} starting to acquire async jobs due
14:11:23.883 [main] INFO  o.a.c.h.Http11NioProtocol - [log,173] - Starting ProtocolHandler ["http-nio-9001"]
14:11:23.945 [main] INFO  c.g.l.LxlFlagApplication - [logStarted,61] - Started LxlFlagApplication in 7.834 seconds (JVM running for 9.096)
14:11:23.947 [main] INFO  c.g.l.f.r.c.StartConfig - [run,21] - 测试ApplicationRunner打印你一定猜不到吧
14:11:23.947 [main] INFO  c.g.l.f.r.c.StartConfig - [run,22] - 测试appId:123456
14:11:23.948 [main] INFO  c.g.l.f.r.c.StartConfig - [run,23] - 测试appSecret:456789
14:11:49.324 [http-nio-9001-exec-2] INFO  o.a.c.c.C.[.[.[/] - [log,173] - Initializing Spring DispatcherServlet 'dispatcherServlet'
14:15:28.673 [SpringApplicationShutdownHook] INFO  o.a.e.i.a.DefaultAsyncJobExecutor - [shutdown,208] - Shutting down the default async job executor [org.activiti.spring.SpringAsyncExecutor].
14:15:28.675 [activiti-acquire-timer-jobs] INFO  o.a.e.i.a.AcquireTimerJobsRunnable - [run,115] - {} stopped async job due acquisition
14:15:28.675 [activiti-acquire-async-jobs] INFO  o.a.e.i.a.AcquireAsyncJobsDueRunnable - [run,115] - {} stopped async job due acquisition
14:15:28.675 [activiti-reset-expired-jobs] INFO  o.a.e.i.a.ResetExpiredJobsRunnable - [run,99] - {} stopped resetting expired jobs
14:15:28.800 [SpringApplicationShutdownHook] INFO  c.a.d.p.DruidDataSource - [close,1928] - {dataSource-1} closed
14:15:45.750 [main] INFO  c.g.l.LxlFlagApplication - [logStarting,55] - Starting LxlFlagApplication using Java 1.8.0_31 on LAPTOP-LINC7R8B with PID 15236 (E:\test\lxl-long\lxl-flag\target\classes started by 39851 in E:\test\lxl-long)
14:15:45.753 [main] INFO  c.g.l.LxlFlagApplication - [logStartupProfileInfo,659] - No active profile set, falling back to default profiles: default
14:15:47.556 [main] INFO  o.a.c.h.Http11NioProtocol - [log,173] - Initializing ProtocolHandler ["http-nio-9001"]
14:15:47.557 [main] INFO  o.a.c.c.StandardService - [log,173] - Starting service [Tomcat]
14:15:47.557 [main] INFO  o.a.c.c.StandardEngine - [log,173] - Starting Servlet engine: [Apache Tomcat/9.0.46]
14:15:47.711 [main] INFO  o.a.c.c.C.[.[.[/] - [log,173] - Initializing Spring embedded WebApplicationContext
14:15:47.840 [main] INFO  c.a.d.s.b.a.DruidDataSourceAutoConfigure - [dataSource,56] - Init DruidDataSource
14:15:47.990 [main] INFO  c.a.d.p.DruidDataSource - [init,991] - {dataSource-1} inited
14:15:48.246 [main] INFO  o.h.j.i.u.LogHelper - [logPersistenceUnitInformation,31] - HHH000204: Processing PersistenceUnitInfo [name: default]
14:15:48.307 [main] INFO  o.hibernate.Version - [logVersion,44] - HHH000412: Hibernate ORM core version 5.4.32.Final
14:15:48.446 [main] INFO  o.h.a.common.Version - [<clinit>,56] - HCANN000001: Hibernate Commons Annotations {5.1.2.Final}
14:15:48.606 [main] INFO  o.h.dialect.Dialect - [<init>,175] - HHH000400: Using dialect: org.hibernate.dialect.MySQL8Dialect
14:15:49.246 [main] INFO  o.h.e.t.j.p.i.JtaPlatformInitiator - [initiateService,52] - HHH000490: Using JtaPlatform implementation: [org.hibernate.engine.transaction.jta.platform.internal.NoJtaPlatform]
14:15:51.386 [main] INFO  o.a.e.c.DefaultActiviti5CompatibilityHandlerFactory - [createActiviti5CompatibilityHandler,38] - Activiti 5 compatibility handler implementation not found or error during instantiation : org.activiti.compatibility.DefaultActiviti5CompatibilityHandler. Activiti 5 backwards compatibility disabled.
14:15:51.575 [main] INFO  o.a.e.i.ProcessEngineImpl - [<init>,87] - ProcessEngine default created
14:15:51.576 [main] INFO  o.a.e.i.a.DefaultAsyncJobExecutor - [start,169] - Starting up the default async job executor [org.activiti.spring.SpringAsyncExecutor].
14:15:51.576 [Thread-15] INFO  o.a.e.i.a.AcquireTimerJobsRunnable - [run,49] - {} starting to acquire async jobs due
14:15:51.576 [Thread-14] INFO  o.a.e.i.a.AcquireAsyncJobsDueRunnable - [run,45] - {} starting to acquire async jobs due
14:15:51.577 [Thread-16] INFO  o.a.e.i.a.ResetExpiredJobsRunnable - [run,51] - {} starting to reset expired jobs
14:15:53.206 [main] INFO  o.a.c.h.Http11NioProtocol - [log,173] - Starting ProtocolHandler ["http-nio-9001"]
14:15:53.247 [main] INFO  c.g.l.LxlFlagApplication - [logStarted,61] - Started LxlFlagApplication in 7.929 seconds (JVM running for 9.186)
14:15:53.250 [main] INFO  c.g.l.f.r.c.StartConfig - [run,21] - 测试ApplicationRunner打印你一定猜不到吧
14:15:53.250 [main] INFO  c.g.l.f.r.c.StartConfig - [run,22] - 测试appId:123456
14:15:53.250 [main] INFO  c.g.l.f.r.c.StartConfig - [run,23] - 测试appSecret:456789
14:16:28.643 [http-nio-9001-exec-1] INFO  o.a.c.c.C.[.[.[/] - [log,173] - Initializing Spring DispatcherServlet 'dispatcherServlet'
14:20:15.155 [SpringApplicationShutdownHook] INFO  o.a.e.i.a.DefaultAsyncJobExecutor - [shutdown,208] - Shutting down the default async job executor [org.activiti.spring.SpringAsyncExecutor].
14:20:15.155 [activiti-reset-expired-jobs] INFO  o.a.e.i.a.ResetExpiredJobsRunnable - [run,99] - {} stopped resetting expired jobs
14:20:15.155 [activiti-acquire-async-jobs] INFO  o.a.e.i.a.AcquireAsyncJobsDueRunnable - [run,115] - {} stopped async job due acquisition
14:20:15.155 [activiti-acquire-timer-jobs] INFO  o.a.e.i.a.AcquireTimerJobsRunnable - [run,115] - {} stopped async job due acquisition
14:20:15.164 [SpringApplicationShutdownHook] INFO  c.a.d.p.DruidDataSource - [close,1928] - {dataSource-1} closed
14:20:25.429 [main] INFO  c.g.l.LxlFlagApplication - [logStarting,55] - Starting LxlFlagApplication using Java 1.8.0_31 on LAPTOP-LINC7R8B with PID 34936 (E:\test\lxl-long\lxl-flag\target\classes started by 39851 in E:\test\lxl-long)
14:20:25.432 [main] INFO  c.g.l.LxlFlagApplication - [logStartupProfileInfo,659] - No active profile set, falling back to default profiles: default
14:20:27.419 [main] INFO  o.a.c.h.Http11NioProtocol - [log,173] - Initializing ProtocolHandler ["http-nio-9001"]
14:20:27.419 [main] INFO  o.a.c.c.StandardService - [log,173] - Starting service [Tomcat]
14:20:27.420 [main] INFO  o.a.c.c.StandardEngine - [log,173] - Starting Servlet engine: [Apache Tomcat/9.0.46]
14:20:27.573 [main] INFO  o.a.c.c.C.[.[.[/] - [log,173] - Initializing Spring embedded WebApplicationContext
14:20:27.705 [main] INFO  c.a.d.s.b.a.DruidDataSourceAutoConfigure - [dataSource,56] - Init DruidDataSource
14:20:27.851 [main] INFO  c.a.d.p.DruidDataSource - [init,991] - {dataSource-1} inited
14:20:28.107 [main] INFO  o.h.j.i.u.LogHelper - [logPersistenceUnitInformation,31] - HHH000204: Processing PersistenceUnitInfo [name: default]
14:20:28.171 [main] INFO  o.hibernate.Version - [logVersion,44] - HHH000412: Hibernate ORM core version 5.4.32.Final
14:20:28.313 [main] INFO  o.h.a.common.Version - [<clinit>,56] - HCANN000001: Hibernate Commons Annotations {5.1.2.Final}
14:20:28.472 [main] INFO  o.h.dialect.Dialect - [<init>,175] - HHH000400: Using dialect: org.hibernate.dialect.MySQL8Dialect
14:20:29.125 [main] INFO  o.h.e.t.j.p.i.JtaPlatformInitiator - [initiateService,52] - HHH000490: Using JtaPlatform implementation: [org.hibernate.engine.transaction.jta.platform.internal.NoJtaPlatform]
14:20:31.609 [main] INFO  o.a.e.c.DefaultActiviti5CompatibilityHandlerFactory - [createActiviti5CompatibilityHandler,38] - Activiti 5 compatibility handler implementation not found or error during instantiation : org.activiti.compatibility.DefaultActiviti5CompatibilityHandler. Activiti 5 backwards compatibility disabled.
14:20:31.816 [main] INFO  o.a.e.i.ProcessEngineImpl - [<init>,87] - ProcessEngine default created
14:20:31.817 [main] INFO  o.a.e.i.a.DefaultAsyncJobExecutor - [start,169] - Starting up the default async job executor [org.activiti.spring.SpringAsyncExecutor].
14:20:31.818 [Thread-17] INFO  o.a.e.i.a.ResetExpiredJobsRunnable - [run,51] - {} starting to reset expired jobs
14:20:31.818 [Thread-16] INFO  o.a.e.i.a.AcquireTimerJobsRunnable - [run,49] - {} starting to acquire async jobs due
14:20:31.818 [Thread-15] INFO  o.a.e.i.a.AcquireAsyncJobsDueRunnable - [run,45] - {} starting to acquire async jobs due
14:20:33.603 [main] INFO  o.a.c.h.Http11NioProtocol - [log,173] - Starting ProtocolHandler ["http-nio-9001"]
14:20:33.656 [main] INFO  c.g.l.LxlFlagApplication - [logStarted,61] - Started LxlFlagApplication in 8.679 seconds (JVM running for 10.056)
14:20:33.658 [main] INFO  c.g.l.f.r.c.StartConfig - [run,21] - 测试ApplicationRunner打印你一定猜不到吧
14:20:33.658 [main] INFO  c.g.l.f.r.c.StartConfig - [run,22] - 测试appId:123456
14:20:33.659 [main] INFO  c.g.l.f.r.c.StartConfig - [run,23] - 测试appSecret:456789
14:20:55.730 [SpringApplicationShutdownHook] INFO  o.a.e.i.a.DefaultAsyncJobExecutor - [shutdown,208] - Shutting down the default async job executor [org.activiti.spring.SpringAsyncExecutor].
14:20:55.731 [activiti-reset-expired-jobs] INFO  o.a.e.i.a.ResetExpiredJobsRunnable - [run,99] - {} stopped resetting expired jobs
14:20:55.731 [activiti-acquire-timer-jobs] INFO  o.a.e.i.a.AcquireTimerJobsRunnable - [run,115] - {} stopped async job due acquisition
14:20:55.731 [activiti-acquire-async-jobs] INFO  o.a.e.i.a.AcquireAsyncJobsDueRunnable - [run,115] - {} stopped async job due acquisition
14:20:55.740 [SpringApplicationShutdownHook] INFO  c.a.d.p.DruidDataSource - [close,1928] - {dataSource-1} closed
14:21:06.011 [main] INFO  c.g.l.LxlFlagApplication - [logStarting,55] - Starting LxlFlagApplication using Java 1.8.0_31 on LAPTOP-LINC7R8B with PID 36048 (E:\test\lxl-long\lxl-flag\target\classes started by 39851 in E:\test\lxl-long)
14:21:06.014 [main] INFO  c.g.l.LxlFlagApplication - [logStartupProfileInfo,659] - No active profile set, falling back to default profiles: default
14:21:07.817 [main] INFO  o.a.c.h.Http11NioProtocol - [log,173] - Initializing ProtocolHandler ["http-nio-9001"]
14:21:07.818 [main] INFO  o.a.c.c.StandardService - [log,173] - Starting service [Tomcat]
14:21:07.818 [main] INFO  o.a.c.c.StandardEngine - [log,173] - Starting Servlet engine: [Apache Tomcat/9.0.46]
14:21:07.960 [main] INFO  o.a.c.c.C.[.[.[/] - [log,173] - Initializing Spring embedded WebApplicationContext
14:21:08.086 [main] INFO  c.a.d.s.b.a.DruidDataSourceAutoConfigure - [dataSource,56] - Init DruidDataSource
14:21:08.226 [main] INFO  c.a.d.p.DruidDataSource - [init,991] - {dataSource-1} inited
14:21:08.479 [main] INFO  o.h.j.i.u.LogHelper - [logPersistenceUnitInformation,31] - HHH000204: Processing PersistenceUnitInfo [name: default]
14:21:08.539 [main] INFO  o.hibernate.Version - [logVersion,44] - HHH000412: Hibernate ORM core version 5.4.32.Final
14:21:08.680 [main] INFO  o.h.a.common.Version - [<clinit>,56] - HCANN000001: Hibernate Commons Annotations {5.1.2.Final}
14:21:08.837 [main] INFO  o.h.dialect.Dialect - [<init>,175] - HHH000400: Using dialect: org.hibernate.dialect.MySQL8Dialect
14:21:09.466 [main] INFO  o.h.e.t.j.p.i.JtaPlatformInitiator - [initiateService,52] - HHH000490: Using JtaPlatform implementation: [org.hibernate.engine.transaction.jta.platform.internal.NoJtaPlatform]
14:21:11.607 [main] INFO  o.a.e.c.DefaultActiviti5CompatibilityHandlerFactory - [createActiviti5CompatibilityHandler,38] - Activiti 5 compatibility handler implementation not found or error during instantiation : org.activiti.compatibility.DefaultActiviti5CompatibilityHandler. Activiti 5 backwards compatibility disabled.
14:21:11.804 [main] INFO  o.a.e.i.ProcessEngineImpl - [<init>,87] - ProcessEngine default created
14:21:11.806 [main] INFO  o.a.e.i.a.DefaultAsyncJobExecutor - [start,169] - Starting up the default async job executor [org.activiti.spring.SpringAsyncExecutor].
14:21:11.806 [Thread-14] INFO  o.a.e.i.a.AcquireAsyncJobsDueRunnable - [run,45] - {} starting to acquire async jobs due
14:21:11.806 [Thread-16] INFO  o.a.e.i.a.ResetExpiredJobsRunnable - [run,51] - {} starting to reset expired jobs
14:21:11.806 [Thread-15] INFO  o.a.e.i.a.AcquireTimerJobsRunnable - [run,49] - {} starting to acquire async jobs due
14:21:13.394 [main] INFO  o.a.c.h.Http11NioProtocol - [log,173] - Starting ProtocolHandler ["http-nio-9001"]
14:21:13.433 [main] INFO  c.g.l.LxlFlagApplication - [logStarted,61] - Started LxlFlagApplication in 7.842 seconds (JVM running for 9.145)
14:21:13.435 [main] INFO  c.g.l.f.r.c.StartConfig - [run,21] - 测试ApplicationRunner打印你一定猜不到吧
14:21:13.436 [main] INFO  c.g.l.f.r.c.StartConfig - [run,22] - 测试appId:123456
14:21:13.436 [main] INFO  c.g.l.f.r.c.StartConfig - [run,23] - 测试appSecret:456789
14:21:18.512 [http-nio-9001-exec-1] INFO  o.a.c.c.C.[.[.[/] - [log,173] - Initializing Spring DispatcherServlet 'dispatcherServlet'
14:24:15.040 [SpringApplicationShutdownHook] INFO  o.a.e.i.a.DefaultAsyncJobExecutor - [shutdown,208] - Shutting down the default async job executor [org.activiti.spring.SpringAsyncExecutor].
14:24:15.040 [activiti-acquire-timer-jobs] INFO  o.a.e.i.a.AcquireTimerJobsRunnable - [run,115] - {} stopped async job due acquisition
14:24:15.040 [activiti-reset-expired-jobs] INFO  o.a.e.i.a.ResetExpiredJobsRunnable - [run,99] - {} stopped resetting expired jobs
14:24:15.040 [activiti-acquire-async-jobs] INFO  o.a.e.i.a.AcquireAsyncJobsDueRunnable - [run,115] - {} stopped async job due acquisition
14:24:15.050 [SpringApplicationShutdownHook] INFO  c.a.d.p.DruidDataSource - [close,1928] - {dataSource-1} closed
14:24:24.941 [main] INFO  c.g.l.LxlFlagApplication - [logStarting,55] - Starting LxlFlagApplication using Java 1.8.0_31 on LAPTOP-LINC7R8B with PID 36192 (E:\test\lxl-long\lxl-flag\target\classes started by 39851 in E:\test\lxl-long)
14:24:24.944 [main] INFO  c.g.l.LxlFlagApplication - [logStartupProfileInfo,659] - No active profile set, falling back to default profiles: default
14:24:26.721 [main] INFO  o.a.c.h.Http11NioProtocol - [log,173] - Initializing ProtocolHandler ["http-nio-9001"]
14:24:26.722 [main] INFO  o.a.c.c.StandardService - [log,173] - Starting service [Tomcat]
14:24:26.722 [main] INFO  o.a.c.c.StandardEngine - [log,173] - Starting Servlet engine: [Apache Tomcat/9.0.46]
14:24:26.870 [main] INFO  o.a.c.c.C.[.[.[/] - [log,173] - Initializing Spring embedded WebApplicationContext
14:24:26.997 [main] INFO  c.a.d.s.b.a.DruidDataSourceAutoConfigure - [dataSource,56] - Init DruidDataSource
14:24:27.142 [main] INFO  c.a.d.p.DruidDataSource - [init,991] - {dataSource-1} inited
14:24:27.408 [main] INFO  o.h.j.i.u.LogHelper - [logPersistenceUnitInformation,31] - HHH000204: Processing PersistenceUnitInfo [name: default]
14:24:27.471 [main] INFO  o.hibernate.Version - [logVersion,44] - HHH000412: Hibernate ORM core version 5.4.32.Final
14:24:27.617 [main] INFO  o.h.a.common.Version - [<clinit>,56] - HCANN000001: Hibernate Commons Annotations {5.1.2.Final}
14:24:27.777 [main] INFO  o.h.dialect.Dialect - [<init>,175] - HHH000400: Using dialect: org.hibernate.dialect.MySQL8Dialect
14:24:28.428 [main] INFO  o.h.e.t.j.p.i.JtaPlatformInitiator - [initiateService,52] - HHH000490: Using JtaPlatform implementation: [org.hibernate.engine.transaction.jta.platform.internal.NoJtaPlatform]
14:24:30.680 [main] INFO  o.a.e.c.DefaultActiviti5CompatibilityHandlerFactory - [createActiviti5CompatibilityHandler,38] - Activiti 5 compatibility handler implementation not found or error during instantiation : org.activiti.compatibility.DefaultActiviti5CompatibilityHandler. Activiti 5 backwards compatibility disabled.
14:24:30.880 [main] INFO  o.a.e.i.ProcessEngineImpl - [<init>,87] - ProcessEngine default created
14:24:30.881 [main] INFO  o.a.e.i.a.DefaultAsyncJobExecutor - [start,169] - Starting up the default async job executor [org.activiti.spring.SpringAsyncExecutor].
14:24:30.882 [Thread-13] INFO  o.a.e.i.a.AcquireAsyncJobsDueRunnable - [run,45] - {} starting to acquire async jobs due
14:24:30.882 [Thread-15] INFO  o.a.e.i.a.ResetExpiredJobsRunnable - [run,51] - {} starting to reset expired jobs
14:24:30.882 [Thread-14] INFO  o.a.e.i.a.AcquireTimerJobsRunnable - [run,49] - {} starting to acquire async jobs due
14:24:32.471 [main] INFO  o.a.c.h.Http11NioProtocol - [log,173] - Starting ProtocolHandler ["http-nio-9001"]
14:24:32.534 [main] INFO  c.g.l.LxlFlagApplication - [logStarted,61] - Started LxlFlagApplication in 8.002 seconds (JVM running for 9.255)
14:24:32.537 [main] INFO  c.g.l.f.r.c.StartConfig - [run,21] - 测试ApplicationRunner打印你一定猜不到吧
14:24:32.537 [main] INFO  c.g.l.f.r.c.StartConfig - [run,22] - 测试appId:123456
14:24:32.537 [main] INFO  c.g.l.f.r.c.StartConfig - [run,23] - 测试appSecret:456789
14:24:35.491 [http-nio-9001-exec-1] INFO  o.a.c.c.C.[.[.[/] - [log,173] - Initializing Spring DispatcherServlet 'dispatcherServlet'
14:43:08.072 [SpringApplicationShutdownHook] INFO  o.a.e.i.a.DefaultAsyncJobExecutor - [shutdown,208] - Shutting down the default async job executor [org.activiti.spring.SpringAsyncExecutor].
14:43:08.072 [activiti-acquire-timer-jobs] INFO  o.a.e.i.a.AcquireTimerJobsRunnable - [run,115] - {} stopped async job due acquisition
14:43:08.072 [activiti-acquire-async-jobs] INFO  o.a.e.i.a.AcquireAsyncJobsDueRunnable - [run,115] - {} stopped async job due acquisition
14:43:08.072 [activiti-reset-expired-jobs] INFO  o.a.e.i.a.ResetExpiredJobsRunnable - [run,99] - {} stopped resetting expired jobs
14:43:08.081 [SpringApplicationShutdownHook] INFO  c.a.d.p.DruidDataSource - [close,1928] - {dataSource-1} closed
14:43:18.486 [main] INFO  c.g.l.LxlFlagApplication - [logStarting,55] - Starting LxlFlagApplication using Java 1.8.0_31 on LAPTOP-LINC7R8B with PID 15192 (E:\test\lxl-long\lxl-flag\target\classes started by 39851 in E:\test\lxl-long)
14:43:18.490 [main] INFO  c.g.l.LxlFlagApplication - [logStartupProfileInfo,659] - No active profile set, falling back to default profiles: default
14:43:20.303 [main] INFO  o.a.c.h.Http11NioProtocol - [log,173] - Initializing ProtocolHandler ["http-nio-9001"]
14:43:20.304 [main] INFO  o.a.c.c.StandardService - [log,173] - Starting service [Tomcat]
14:43:20.304 [main] INFO  o.a.c.c.StandardEngine - [log,173] - Starting Servlet engine: [Apache Tomcat/9.0.46]
14:43:20.452 [main] INFO  o.a.c.c.C.[.[.[/] - [log,173] - Initializing Spring embedded WebApplicationContext
14:43:20.583 [main] INFO  c.a.d.s.b.a.DruidDataSourceAutoConfigure - [dataSource,56] - Init DruidDataSource
14:43:20.733 [main] INFO  c.a.d.p.DruidDataSource - [init,991] - {dataSource-1} inited
14:43:20.995 [main] INFO  o.h.j.i.u.LogHelper - [logPersistenceUnitInformation,31] - HHH000204: Processing PersistenceUnitInfo [name: default]
14:43:21.059 [main] INFO  o.hibernate.Version - [logVersion,44] - HHH000412: Hibernate ORM core version 5.4.32.Final
14:43:21.212 [main] INFO  o.h.a.common.Version - [<clinit>,56] - HCANN000001: Hibernate Commons Annotations {5.1.2.Final}
14:43:21.370 [main] INFO  o.h.dialect.Dialect - [<init>,175] - HHH000400: Using dialect: org.hibernate.dialect.MySQL8Dialect
14:43:22.012 [main] INFO  o.h.e.t.j.p.i.JtaPlatformInitiator - [initiateService,52] - HHH000490: Using JtaPlatform implementation: [org.hibernate.engine.transaction.jta.platform.internal.NoJtaPlatform]
14:43:24.229 [main] INFO  o.a.e.c.DefaultActiviti5CompatibilityHandlerFactory - [createActiviti5CompatibilityHandler,38] - Activiti 5 compatibility handler implementation not found or error during instantiation : org.activiti.compatibility.DefaultActiviti5CompatibilityHandler. Activiti 5 backwards compatibility disabled.
14:43:24.430 [main] INFO  o.a.e.i.ProcessEngineImpl - [<init>,87] - ProcessEngine default created
14:43:24.432 [main] INFO  o.a.e.i.a.DefaultAsyncJobExecutor - [start,169] - Starting up the default async job executor [org.activiti.spring.SpringAsyncExecutor].
14:43:24.432 [Thread-14] INFO  o.a.e.i.a.AcquireAsyncJobsDueRunnable - [run,45] - {} starting to acquire async jobs due
14:43:24.433 [Thread-16] INFO  o.a.e.i.a.ResetExpiredJobsRunnable - [run,51] - {} starting to reset expired jobs
14:43:24.432 [Thread-15] INFO  o.a.e.i.a.AcquireTimerJobsRunnable - [run,49] - {} starting to acquire async jobs due
14:43:26.108 [main] INFO  o.a.c.h.Http11NioProtocol - [log,173] - Starting ProtocolHandler ["http-nio-9001"]
14:43:26.203 [main] INFO  c.g.l.LxlFlagApplication - [logStarted,61] - Started LxlFlagApplication in 8.116 seconds (JVM running for 9.365)
14:43:26.205 [main] INFO  c.g.l.f.r.c.StartConfig - [run,21] - 测试ApplicationRunner打印你一定猜不到吧
14:43:26.205 [main] INFO  c.g.l.f.r.c.StartConfig - [run,22] - 测试appId:123456
14:43:26.205 [main] INFO  c.g.l.f.r.c.StartConfig - [run,23] - 测试appSecret:456789
14:44:30.914 [http-nio-9001-exec-1] INFO  o.a.c.c.C.[.[.[/] - [log,173] - Initializing Spring DispatcherServlet 'dispatcherServlet'
15:00:22.302 [SpringApplicationShutdownHook] INFO  o.a.e.i.a.DefaultAsyncJobExecutor - [shutdown,208] - Shutting down the default async job executor [org.activiti.spring.SpringAsyncExecutor].
15:00:22.302 [activiti-acquire-async-jobs] INFO  o.a.e.i.a.AcquireAsyncJobsDueRunnable - [run,115] - {} stopped async job due acquisition
15:00:22.302 [activiti-reset-expired-jobs] INFO  o.a.e.i.a.ResetExpiredJobsRunnable - [run,99] - {} stopped resetting expired jobs
15:00:22.302 [activiti-acquire-timer-jobs] INFO  o.a.e.i.a.AcquireTimerJobsRunnable - [run,115] - {} stopped async job due acquisition
15:00:22.312 [SpringApplicationShutdownHook] INFO  c.a.d.p.DruidDataSource - [close,1928] - {dataSource-1} closed
15:00:49.573 [main] INFO  c.g.l.LxlFlagApplication - [logStarting,55] - Starting LxlFlagApplication using Java 1.8.0_31 on LAPTOP-LINC7R8B with PID 36000 (E:\test\lxl-long\lxl-flag\target\classes started by 39851 in E:\test\lxl-long)
15:00:49.577 [main] INFO  c.g.l.LxlFlagApplication - [logStartupProfileInfo,659] - No active profile set, falling back to default profiles: default
15:00:51.511 [main] INFO  o.a.c.h.Http11NioProtocol - [log,173] - Initializing ProtocolHandler ["http-nio-9001"]
15:00:51.512 [main] INFO  o.a.c.c.StandardService - [log,173] - Starting service [Tomcat]
15:00:51.512 [main] INFO  o.a.c.c.StandardEngine - [log,173] - Starting Servlet engine: [Apache Tomcat/9.0.46]
15:00:51.660 [main] INFO  o.a.c.c.C.[.[.[/] - [log,173] - Initializing Spring embedded WebApplicationContext
15:00:51.842 [main] INFO  c.a.d.s.b.a.DruidDataSourceAutoConfigure - [dataSource,56] - Init DruidDataSource
15:00:52.040 [main] INFO  c.a.d.p.DruidDataSource - [init,991] - {dataSource-1} inited
15:00:52.336 [main] INFO  o.h.j.i.u.LogHelper - [logPersistenceUnitInformation,31] - HHH000204: Processing PersistenceUnitInfo [name: default]
15:00:52.416 [main] INFO  o.hibernate.Version - [logVersion,44] - HHH000412: Hibernate ORM core version 5.4.32.Final
15:00:52.573 [main] INFO  o.h.a.common.Version - [<clinit>,56] - HCANN000001: Hibernate Commons Annotations {5.1.2.Final}
15:00:52.738 [main] INFO  o.h.dialect.Dialect - [<init>,175] - HHH000400: Using dialect: org.hibernate.dialect.MySQL8Dialect
15:00:53.474 [main] INFO  o.h.e.t.j.p.i.JtaPlatformInitiator - [initiateService,52] - HHH000490: Using JtaPlatform implementation: [org.hibernate.engine.transaction.jta.platform.internal.NoJtaPlatform]
15:00:55.298 [main] INFO  o.a.e.c.DefaultActiviti5CompatibilityHandlerFactory - [createActiviti5CompatibilityHandler,38] - Activiti 5 compatibility handler implementation not found or error during instantiation : org.activiti.compatibility.DefaultActiviti5CompatibilityHandler. Activiti 5 backwards compatibility disabled.
15:00:55.505 [main] INFO  o.a.e.i.ProcessEngineImpl - [<init>,87] - ProcessEngine default created
15:00:55.506 [main] INFO  o.a.e.i.a.DefaultAsyncJobExecutor - [start,169] - Starting up the default async job executor [org.activiti.spring.SpringAsyncExecutor].
15:00:55.506 [Thread-14] INFO  o.a.e.i.a.AcquireAsyncJobsDueRunnable - [run,45] - {} starting to acquire async jobs due
15:00:55.507 [Thread-16] INFO  o.a.e.i.a.ResetExpiredJobsRunnable - [run,51] - {} starting to reset expired jobs
15:00:55.506 [Thread-15] INFO  o.a.e.i.a.AcquireTimerJobsRunnable - [run,49] - {} starting to acquire async jobs due
15:00:57.188 [main] INFO  o.a.c.h.Http11NioProtocol - [log,173] - Starting ProtocolHandler ["http-nio-9001"]
15:00:57.226 [main] INFO  c.g.l.LxlFlagApplication - [logStarted,61] - Started LxlFlagApplication in 8.092 seconds (JVM running for 9.423)
15:00:57.229 [main] INFO  c.g.l.f.r.c.StartConfig - [run,21] - 测试ApplicationRunner打印你一定猜不到吧
15:00:57.229 [main] INFO  c.g.l.f.r.c.StartConfig - [run,22] - 测试appId:123456
15:00:57.229 [main] INFO  c.g.l.f.r.c.StartConfig - [run,23] - 测试appSecret:456789
15:01:30.211 [SpringApplicationShutdownHook] INFO  o.a.e.i.a.DefaultAsyncJobExecutor - [shutdown,208] - Shutting down the default async job executor [org.activiti.spring.SpringAsyncExecutor].
15:01:30.211 [activiti-acquire-timer-jobs] INFO  o.a.e.i.a.AcquireTimerJobsRunnable - [run,115] - {} stopped async job due acquisition
15:01:30.211 [activiti-acquire-async-jobs] INFO  o.a.e.i.a.AcquireAsyncJobsDueRunnable - [run,115] - {} stopped async job due acquisition
15:01:30.211 [activiti-reset-expired-jobs] INFO  o.a.e.i.a.ResetExpiredJobsRunnable - [run,99] - {} stopped resetting expired jobs
15:01:30.221 [SpringApplicationShutdownHook] INFO  c.a.d.p.DruidDataSource - [close,1928] - {dataSource-1} closed
15:01:47.914 [main] INFO  c.g.l.LxlFlagApplication - [logStarting,55] - Starting LxlFlagApplication using Java 1.8.0_31 on LAPTOP-LINC7R8B with PID 35792 (E:\test\lxl-long\lxl-flag\target\classes started by 39851 in E:\test\lxl-long)
15:01:47.918 [main] INFO  c.g.l.LxlFlagApplication - [logStartupProfileInfo,659] - No active profile set, falling back to default profiles: default
15:01:49.819 [main] INFO  o.a.c.h.Http11NioProtocol - [log,173] - Initializing ProtocolHandler ["http-nio-9001"]
15:01:49.820 [main] INFO  o.a.c.c.StandardService - [log,173] - Starting service [Tomcat]
15:01:49.820 [main] INFO  o.a.c.c.StandardEngine - [log,173] - Starting Servlet engine: [Apache Tomcat/9.0.46]
15:01:49.982 [main] INFO  o.a.c.c.C.[.[.[/] - [log,173] - Initializing Spring embedded WebApplicationContext
15:01:50.114 [main] INFO  c.a.d.s.b.a.DruidDataSourceAutoConfigure - [dataSource,56] - Init DruidDataSource
15:01:50.274 [main] INFO  c.a.d.p.DruidDataSource - [init,991] - {dataSource-1} inited
15:01:50.545 [main] INFO  o.h.j.i.u.LogHelper - [logPersistenceUnitInformation,31] - HHH000204: Processing PersistenceUnitInfo [name: default]
15:01:50.611 [main] INFO  o.hibernate.Version - [logVersion,44] - HHH000412: Hibernate ORM core version 5.4.32.Final
15:01:50.775 [main] INFO  o.h.a.common.Version - [<clinit>,56] - HCANN000001: Hibernate Commons Annotations {5.1.2.Final}
15:01:50.956 [main] INFO  o.h.dialect.Dialect - [<init>,175] - HHH000400: Using dialect: org.hibernate.dialect.MySQL8Dialect
15:01:51.618 [main] INFO  o.h.e.t.j.p.i.JtaPlatformInitiator - [initiateService,52] - HHH000490: Using JtaPlatform implementation: [org.hibernate.engine.transaction.jta.platform.internal.NoJtaPlatform]
15:01:53.832 [main] INFO  o.a.e.c.DefaultActiviti5CompatibilityHandlerFactory - [createActiviti5CompatibilityHandler,38] - Activiti 5 compatibility handler implementation not found or error during instantiation : org.activiti.compatibility.DefaultActiviti5CompatibilityHandler. Activiti 5 backwards compatibility disabled.
15:01:54.037 [main] INFO  o.a.e.i.ProcessEngineImpl - [<init>,87] - ProcessEngine default created
15:01:54.038 [main] INFO  o.a.e.i.a.DefaultAsyncJobExecutor - [start,169] - Starting up the default async job executor [org.activiti.spring.SpringAsyncExecutor].
15:01:54.039 [Thread-16] INFO  o.a.e.i.a.AcquireTimerJobsRunnable - [run,49] - {} starting to acquire async jobs due
15:01:54.039 [Thread-17] INFO  o.a.e.i.a.ResetExpiredJobsRunnable - [run,51] - {} starting to reset expired jobs
15:01:54.039 [Thread-15] INFO  o.a.e.i.a.AcquireAsyncJobsDueRunnable - [run,45] - {} starting to acquire async jobs due
15:01:55.655 [main] INFO  o.a.c.h.Http11NioProtocol - [log,173] - Starting ProtocolHandler ["http-nio-9001"]
15:01:55.692 [main] INFO  c.g.l.LxlFlagApplication - [logStarted,61] - Started LxlFlagApplication in 8.18 seconds (JVM running for 9.567)
15:01:55.694 [main] INFO  c.g.l.f.r.c.StartConfig - [run,21] - 测试ApplicationRunner打印你一定猜不到吧
15:01:55.694 [main] INFO  c.g.l.f.r.c.StartConfig - [run,22] - 测试appId:123456
15:01:55.694 [main] INFO  c.g.l.f.r.c.StartConfig - [run,23] - 测试appSecret:456789
15:23:34.374 [http-nio-9001-exec-1] INFO  o.a.c.c.C.[.[.[/] - [log,173] - Initializing Spring DispatcherServlet 'dispatcherServlet'
15:23:40.491 [SpringApplicationShutdownHook] INFO  o.a.e.i.a.DefaultAsyncJobExecutor - [shutdown,208] - Shutting down the default async job executor [org.activiti.spring.SpringAsyncExecutor].
15:23:40.491 [activiti-acquire-timer-jobs] INFO  o.a.e.i.a.AcquireTimerJobsRunnable - [run,115] - {} stopped async job due acquisition
15:23:40.491 [activiti-acquire-async-jobs] INFO  o.a.e.i.a.AcquireAsyncJobsDueRunnable - [run,115] - {} stopped async job due acquisition
15:23:40.491 [activiti-reset-expired-jobs] INFO  o.a.e.i.a.ResetExpiredJobsRunnable - [run,99] - {} stopped resetting expired jobs
15:23:40.503 [SpringApplicationShutdownHook] INFO  c.a.d.p.DruidDataSource - [close,1928] - {dataSource-1} closed
15:23:57.811 [main] INFO  c.g.l.LxlFlagApplication - [logStarting,55] - Starting LxlFlagApplication using Java 1.8.0_31 on LAPTOP-LINC7R8B with PID 26080 (E:\test\lxl-long\lxl-flag\target\classes started by 39851 in E:\test\lxl-long)
15:23:57.816 [main] INFO  c.g.l.LxlFlagApplication - [logStartupProfileInfo,659] - No active profile set, falling back to default profiles: default
15:23:59.793 [main] INFO  o.a.c.h.Http11NioProtocol - [log,173] - Initializing ProtocolHandler ["http-nio-9001"]
15:23:59.793 [main] INFO  o.a.c.c.StandardService - [log,173] - Starting service [Tomcat]
15:23:59.793 [main] INFO  o.a.c.c.StandardEngine - [log,173] - Starting Servlet engine: [Apache Tomcat/9.0.46]
15:23:59.949 [main] INFO  o.a.c.c.C.[.[.[/] - [log,173] - Initializing Spring embedded WebApplicationContext
15:24:00.082 [main] INFO  c.a.d.s.b.a.DruidDataSourceAutoConfigure - [dataSource,56] - Init DruidDataSource
15:24:00.224 [main] INFO  c.a.d.p.DruidDataSource - [init,991] - {dataSource-1} inited
15:24:00.488 [main] INFO  o.h.j.i.u.LogHelper - [logPersistenceUnitInformation,31] - HHH000204: Processing PersistenceUnitInfo [name: default]
15:24:00.547 [main] INFO  o.hibernate.Version - [logVersion,44] - HHH000412: Hibernate ORM core version 5.4.32.Final
15:24:00.687 [main] INFO  o.h.a.common.Version - [<clinit>,56] - HCANN000001: Hibernate Commons Annotations {5.1.2.Final}
15:24:00.844 [main] INFO  o.h.dialect.Dialect - [<init>,175] - HHH000400: Using dialect: org.hibernate.dialect.MySQL8Dialect
15:24:01.587 [main] INFO  o.h.e.t.j.p.i.JtaPlatformInitiator - [initiateService,52] - HHH000490: Using JtaPlatform implementation: [org.hibernate.engine.transaction.jta.platform.internal.NoJtaPlatform]
15:24:04.059 [main] INFO  o.a.e.c.DefaultActiviti5CompatibilityHandlerFactory - [createActiviti5CompatibilityHandler,38] - Activiti 5 compatibility handler implementation not found or error during instantiation : org.activiti.compatibility.DefaultActiviti5CompatibilityHandler. Activiti 5 backwards compatibility disabled.
15:24:04.260 [main] INFO  o.a.e.i.ProcessEngineImpl - [<init>,87] - ProcessEngine default created
15:24:04.261 [main] INFO  o.a.e.i.a.DefaultAsyncJobExecutor - [start,169] - Starting up the default async job executor [org.activiti.spring.SpringAsyncExecutor].
15:24:04.262 [Thread-11] INFO  o.a.e.i.a.AcquireAsyncJobsDueRunnable - [run,45] - {} starting to acquire async jobs due
15:24:04.262 [Thread-12] INFO  o.a.e.i.a.AcquireTimerJobsRunnable - [run,49] - {} starting to acquire async jobs due
15:24:04.262 [Thread-13] INFO  o.a.e.i.a.ResetExpiredJobsRunnable - [run,51] - {} starting to reset expired jobs
15:24:05.993 [main] INFO  c.g.l.LxlFlagApplication - [logStarted,61] - Started LxlFlagApplication in 8.626 seconds (JVM running for 10.064)
15:24:05.996 [main] INFO  c.g.l.f.r.c.StartConfig - [run,21] - 测试ApplicationRunner打印你一定猜不到吧
15:24:05.996 [main] INFO  c.g.l.f.r.c.StartConfig - [run,22] - 测试appId:123456
15:24:05.996 [main] INFO  c.g.l.f.r.c.StartConfig - [run,23] - 测试appSecret:456789
15:24:06.384 [SpringApplicationShutdownHook] INFO  o.a.e.i.a.DefaultAsyncJobExecutor - [shutdown,208] - Shutting down the default async job executor [org.activiti.spring.SpringAsyncExecutor].
15:24:06.385 [activiti-acquire-async-jobs] INFO  o.a.e.i.a.AcquireAsyncJobsDueRunnable - [run,115] - {} stopped async job due acquisition
15:24:06.385 [activiti-acquire-timer-jobs] INFO  o.a.e.i.a.AcquireTimerJobsRunnable - [run,115] - {} stopped async job due acquisition
15:24:06.385 [activiti-reset-expired-jobs] INFO  o.a.e.i.a.ResetExpiredJobsRunnable - [run,99] - {} stopped resetting expired jobs
15:24:06.394 [SpringApplicationShutdownHook] INFO  c.a.d.p.DruidDataSource - [close,1928] - {dataSource-1} closed
15:24:22.877 [main] INFO  c.g.l.LxlFlagApplication - [logStarting,55] - Starting LxlFlagApplication using Java 1.8.0_31 on LAPTOP-LINC7R8B with PID 37672 (E:\test\lxl-long\lxl-flag\target\classes started by 39851 in E:\test\lxl-long)
15:24:22.880 [main] INFO  c.g.l.LxlFlagApplication - [logStartupProfileInfo,659] - No active profile set, falling back to default profiles: default
15:24:24.741 [main] INFO  o.a.c.h.Http11NioProtocol - [log,173] - Initializing ProtocolHandler ["http-nio-9001"]
15:24:24.742 [main] INFO  o.a.c.c.StandardService - [log,173] - Starting service [Tomcat]
15:24:24.742 [main] INFO  o.a.c.c.StandardEngine - [log,173] - Starting Servlet engine: [Apache Tomcat/9.0.46]
15:24:24.893 [main] INFO  o.a.c.c.C.[.[.[/] - [log,173] - Initializing Spring embedded WebApplicationContext
15:24:25.032 [main] INFO  c.a.d.s.b.a.DruidDataSourceAutoConfigure - [dataSource,56] - Init DruidDataSource
15:24:25.184 [main] INFO  c.a.d.p.DruidDataSource - [init,991] - {dataSource-1} inited
15:24:25.443 [main] INFO  o.h.j.i.u.LogHelper - [logPersistenceUnitInformation,31] - HHH000204: Processing PersistenceUnitInfo [name: default]
15:24:25.502 [main] INFO  o.hibernate.Version - [logVersion,44] - HHH000412: Hibernate ORM core version 5.4.32.Final
15:24:25.641 [main] INFO  o.h.a.common.Version - [<clinit>,56] - HCANN000001: Hibernate Commons Annotations {5.1.2.Final}
15:24:25.793 [main] INFO  o.h.dialect.Dialect - [<init>,175] - HHH000400: Using dialect: org.hibernate.dialect.MySQL8Dialect
15:24:26.487 [main] INFO  o.h.e.t.j.p.i.JtaPlatformInitiator - [initiateService,52] - HHH000490: Using JtaPlatform implementation: [org.hibernate.engine.transaction.jta.platform.internal.NoJtaPlatform]
15:24:28.673 [main] INFO  o.a.e.c.DefaultActiviti5CompatibilityHandlerFactory - [createActiviti5CompatibilityHandler,38] - Activiti 5 compatibility handler implementation not found or error during instantiation : org.activiti.compatibility.DefaultActiviti5CompatibilityHandler. Activiti 5 backwards compatibility disabled.
15:24:28.881 [main] INFO  o.a.e.i.ProcessEngineImpl - [<init>,87] - ProcessEngine default created
15:24:28.882 [main] INFO  o.a.e.i.a.DefaultAsyncJobExecutor - [start,169] - Starting up the default async job executor [org.activiti.spring.SpringAsyncExecutor].
15:24:28.883 [Thread-15] INFO  o.a.e.i.a.AcquireAsyncJobsDueRunnable - [run,45] - {} starting to acquire async jobs due
15:24:28.883 [Thread-16] INFO  o.a.e.i.a.AcquireTimerJobsRunnable - [run,49] - {} starting to acquire async jobs due
15:24:28.883 [Thread-17] INFO  o.a.e.i.a.ResetExpiredJobsRunnable - [run,51] - {} starting to reset expired jobs
15:24:30.523 [main] INFO  o.a.c.h.Http11NioProtocol - [log,173] - Starting ProtocolHandler ["http-nio-9001"]
15:24:30.588 [main] INFO  c.g.l.LxlFlagApplication - [logStarted,61] - Started LxlFlagApplication in 8.141 seconds (JVM running for 9.444)
15:24:30.591 [main] INFO  c.g.l.f.r.c.StartConfig - [run,21] - 测试ApplicationRunner打印你一定猜不到吧
15:24:30.591 [main] INFO  c.g.l.f.r.c.StartConfig - [run,22] - 测试appId:123456
15:24:30.591 [main] INFO  c.g.l.f.r.c.StartConfig - [run,23] - 测试appSecret:456789
15:25:01.461 [http-nio-9001-exec-2] INFO  o.a.c.c.C.[.[.[/] - [log,173] - Initializing Spring DispatcherServlet 'dispatcherServlet'
15:28:51.367 [SpringApplicationShutdownHook] INFO  o.a.e.i.a.DefaultAsyncJobExecutor - [shutdown,208] - Shutting down the default async job executor [org.activiti.spring.SpringAsyncExecutor].
15:28:51.368 [activiti-acquire-async-jobs] INFO  o.a.e.i.a.AcquireAsyncJobsDueRunnable - [run,115] - {} stopped async job due acquisition
15:28:51.368 [activiti-acquire-timer-jobs] INFO  o.a.e.i.a.AcquireTimerJobsRunnable - [run,115] - {} stopped async job due acquisition
15:28:51.368 [activiti-reset-expired-jobs] INFO  o.a.e.i.a.ResetExpiredJobsRunnable - [run,99] - {} stopped resetting expired jobs
15:28:51.377 [SpringApplicationShutdownHook] INFO  c.a.d.p.DruidDataSource - [close,1928] - {dataSource-1} closed
15:29:18.423 [main] INFO  c.g.l.LxlFlagApplication - [logStarting,55] - Starting LxlFlagApplication using Java 1.8.0_31 on LAPTOP-LINC7R8B with PID 36072 (E:\test\lxl-long\lxl-flag\target\classes started by 39851 in E:\test\lxl-long)
15:29:18.426 [main] INFO  c.g.l.LxlFlagApplication - [logStartupProfileInfo,659] - No active profile set, falling back to default profiles: default
15:29:20.226 [main] INFO  o.a.c.h.Http11NioProtocol - [log,173] - Initializing ProtocolHandler ["http-nio-9001"]
15:29:20.226 [main] INFO  o.a.c.c.StandardService - [log,173] - Starting service [Tomcat]
15:29:20.227 [main] INFO  o.a.c.c.StandardEngine - [log,173] - Starting Servlet engine: [Apache Tomcat/9.0.46]
15:29:20.372 [main] INFO  o.a.c.c.C.[.[.[/] - [log,173] - Initializing Spring embedded WebApplicationContext
15:29:20.508 [main] INFO  c.a.d.s.b.a.DruidDataSourceAutoConfigure - [dataSource,56] - Init DruidDataSource
15:29:20.668 [main] INFO  c.a.d.p.DruidDataSource - [init,991] - {dataSource-1} inited
15:29:20.949 [main] INFO  o.h.j.i.u.LogHelper - [logPersistenceUnitInformation,31] - HHH000204: Processing PersistenceUnitInfo [name: default]
15:29:21.018 [main] INFO  o.hibernate.Version - [logVersion,44] - HHH000412: Hibernate ORM core version 5.4.32.Final
15:29:21.196 [main] INFO  o.h.a.common.Version - [<clinit>,56] - HCANN000001: Hibernate Commons Annotations {5.1.2.Final}
15:29:21.355 [main] INFO  o.h.dialect.Dialect - [<init>,175] - HHH000400: Using dialect: org.hibernate.dialect.MySQL8Dialect
15:29:22.004 [main] INFO  o.h.e.t.j.p.i.JtaPlatformInitiator - [initiateService,52] - HHH000490: Using JtaPlatform implementation: [org.hibernate.engine.transaction.jta.platform.internal.NoJtaPlatform]
15:29:24.185 [main] INFO  o.a.e.c.DefaultActiviti5CompatibilityHandlerFactory - [createActiviti5CompatibilityHandler,38] - Activiti 5 compatibility handler implementation not found or error during instantiation : org.activiti.compatibility.DefaultActiviti5CompatibilityHandler. Activiti 5 backwards compatibility disabled.
15:29:24.385 [main] INFO  o.a.e.i.ProcessEngineImpl - [<init>,87] - ProcessEngine default created
15:29:24.386 [main] INFO  o.a.e.i.a.DefaultAsyncJobExecutor - [start,169] - Starting up the default async job executor [org.activiti.spring.SpringAsyncExecutor].
15:29:24.387 [Thread-14] INFO  o.a.e.i.a.AcquireAsyncJobsDueRunnable - [run,45] - {} starting to acquire async jobs due
15:29:24.387 [Thread-16] INFO  o.a.e.i.a.ResetExpiredJobsRunnable - [run,51] - {} starting to reset expired jobs
15:29:24.387 [Thread-15] INFO  o.a.e.i.a.AcquireTimerJobsRunnable - [run,49] - {} starting to acquire async jobs due
15:29:26.005 [main] INFO  o.a.c.h.Http11NioProtocol - [log,173] - Starting ProtocolHandler ["http-nio-9001"]
15:29:26.042 [main] INFO  c.g.l.LxlFlagApplication - [logStarted,61] - Started LxlFlagApplication in 8.012 seconds (JVM running for 9.31)
15:29:26.044 [main] INFO  c.g.l.f.r.c.StartConfig - [run,21] - 测试ApplicationRunner打印你一定猜不到吧
15:29:26.044 [main] INFO  c.g.l.f.r.c.StartConfig - [run,22] - 测试appId:123456
15:29:26.045 [main] INFO  c.g.l.f.r.c.StartConfig - [run,23] - 测试appSecret:456789
15:29:36.814 [http-nio-9001-exec-1] INFO  o.a.c.c.C.[.[.[/] - [log,173] - Initializing Spring DispatcherServlet 'dispatcherServlet'
15:32:54.291 [SpringApplicationShutdownHook] INFO  o.a.e.i.a.DefaultAsyncJobExecutor - [shutdown,208] - Shutting down the default async job executor [org.activiti.spring.SpringAsyncExecutor].
15:32:54.291 [activiti-acquire-timer-jobs] INFO  o.a.e.i.a.AcquireTimerJobsRunnable - [run,115] - {} stopped async job due acquisition
15:32:54.291 [activiti-reset-expired-jobs] INFO  o.a.e.i.a.ResetExpiredJobsRunnable - [run,99] - {} stopped resetting expired jobs
15:32:54.291 [activiti-acquire-async-jobs] INFO  o.a.e.i.a.AcquireAsyncJobsDueRunnable - [run,115] - {} stopped async job due acquisition
15:32:54.302 [SpringApplicationShutdownHook] INFO  c.a.d.p.DruidDataSource - [close,1928] - {dataSource-1} closed
15:33:21.079 [main] INFO  c.g.l.LxlFlagApplication - [logStarting,55] - Starting LxlFlagApplication using Java 1.8.0_31 on LAPTOP-LINC7R8B with PID 36708 (E:\test\lxl-long\lxl-flag\target\classes started by 39851 in E:\test\lxl-long)
15:33:21.082 [main] INFO  c.g.l.LxlFlagApplication - [logStartupProfileInfo,659] - No active profile set, falling back to default profiles: default
15:33:23.205 [main] INFO  o.a.c.h.Http11NioProtocol - [log,173] - Initializing ProtocolHandler ["http-nio-9001"]
15:33:23.205 [main] INFO  o.a.c.c.StandardService - [log,173] - Starting service [Tomcat]
15:33:23.206 [main] INFO  o.a.c.c.StandardEngine - [log,173] - Starting Servlet engine: [Apache Tomcat/9.0.46]
15:33:23.361 [main] INFO  o.a.c.c.C.[.[.[/] - [log,173] - Initializing Spring embedded WebApplicationContext
15:33:23.488 [main] INFO  c.a.d.s.b.a.DruidDataSourceAutoConfigure - [dataSource,56] - Init DruidDataSource
15:33:23.631 [main] INFO  c.a.d.p.DruidDataSource - [init,991] - {dataSource-1} inited
15:33:23.885 [main] INFO  o.h.j.i.u.LogHelper - [logPersistenceUnitInformation,31] - HHH000204: Processing PersistenceUnitInfo [name: default]
15:33:23.945 [main] INFO  o.hibernate.Version - [logVersion,44] - HHH000412: Hibernate ORM core version 5.4.32.Final
15:33:24.090 [main] INFO  o.h.a.common.Version - [<clinit>,56] - HCANN000001: Hibernate Commons Annotations {5.1.2.Final}
15:33:24.267 [main] INFO  o.h.dialect.Dialect - [<init>,175] - HHH000400: Using dialect: org.hibernate.dialect.MySQL8Dialect
15:33:24.892 [main] INFO  o.h.e.t.j.p.i.JtaPlatformInitiator - [initiateService,52] - HHH000490: Using JtaPlatform implementation: [org.hibernate.engine.transaction.jta.platform.internal.NoJtaPlatform]
15:33:26.661 [main] INFO  o.a.e.c.DefaultActiviti5CompatibilityHandlerFactory - [createActiviti5CompatibilityHandler,38] - Activiti 5 compatibility handler implementation not found or error during instantiation : org.activiti.compatibility.DefaultActiviti5CompatibilityHandler. Activiti 5 backwards compatibility disabled.
15:33:26.860 [main] INFO  o.a.e.i.ProcessEngineImpl - [<init>,87] - ProcessEngine default created
15:33:26.861 [main] INFO  o.a.e.i.a.DefaultAsyncJobExecutor - [start,169] - Starting up the default async job executor [org.activiti.spring.SpringAsyncExecutor].
15:33:26.862 [Thread-15] INFO  o.a.e.i.a.AcquireTimerJobsRunnable - [run,49] - {} starting to acquire async jobs due
15:33:26.862 [Thread-14] INFO  o.a.e.i.a.AcquireAsyncJobsDueRunnable - [run,45] - {} starting to acquire async jobs due
15:33:26.862 [Thread-16] INFO  o.a.e.i.a.ResetExpiredJobsRunnable - [run,51] - {} starting to reset expired jobs
15:33:28.470 [main] INFO  o.a.c.h.Http11NioProtocol - [log,173] - Starting ProtocolHandler ["http-nio-9001"]
15:33:28.509 [main] INFO  c.g.l.LxlFlagApplication - [logStarted,61] - Started LxlFlagApplication in 7.822 seconds (JVM running for 9.091)
15:33:28.512 [main] INFO  c.g.l.f.r.c.StartConfig - [run,21] - 测试ApplicationRunner打印你一定猜不到吧
15:33:28.512 [main] INFO  c.g.l.f.r.c.StartConfig - [run,22] - 测试appId:123456
15:33:28.512 [main] INFO  c.g.l.f.r.c.StartConfig - [run,23] - 测试appSecret:456789
15:34:14.117 [http-nio-9001-exec-4] INFO  o.a.c.c.C.[.[.[/] - [log,173] - Initializing Spring DispatcherServlet 'dispatcherServlet'
19:21:55.956 [SpringApplicationShutdownHook] INFO  o.a.e.i.a.DefaultAsyncJobExecutor - [shutdown,208] - Shutting down the default async job executor [org.activiti.spring.SpringAsyncExecutor].
19:21:55.960 [activiti-reset-expired-jobs] INFO  o.a.e.i.a.ResetExpiredJobsRunnable - [run,99] - {} stopped resetting expired jobs
19:21:55.960 [activiti-acquire-timer-jobs] INFO  o.a.e.i.a.AcquireTimerJobsRunnable - [run,115] - {} stopped async job due acquisition
19:21:55.960 [activiti-acquire-async-jobs] INFO  o.a.e.i.a.AcquireAsyncJobsDueRunnable - [run,115] - {} stopped async job due acquisition
19:21:55.997 [SpringApplicationShutdownHook] INFO  c.a.d.p.DruidDataSource - [close,1928] - {dataSource-1} closed
