15:34:34.007 [main] INFO  c.g.l.TestApplication - [logStarting,55] - Starting TestApplication using Java 1.8.0_31 on LAPTOP-LINC7R8B with PID 24824 (started by 39851 in E:\test\lxl-long\lxl-flag)
15:34:34.014 [main] INFO  c.g.l.TestApplication - [logStartupProfileInfo,659] - No active profile set, falling back to default profiles: default
15:34:36.158 [main] INFO  c.a.d.s.b.a.DruidDataSourceAutoConfigure - [dataSource,56] - Init DruidDataSource
15:34:36.411 [main] INFO  c.a.d.p.DruidDataSource - [init,991] - {dataSource-1} inited
15:34:36.790 [main] INFO  o.h.j.i.u.LogHelper - [logPersistenceUnitInformation,31] - HHH000204: Processing PersistenceUnitInfo [name: default]
15:34:36.870 [main] INFO  o.hibernate.Version - [logVersion,44] - HHH000412: Hibernate ORM core version 5.4.32.Final
15:34:37.025 [main] INFO  o.h.a.common.Version - [<clinit>,56] - HCANN000001: Hibernate Commons Annotations {5.1.2.Final}
15:34:37.734 [main] INFO  o.h.dialect.Dialect - [<init>,175] - HHH000400: Using dialect: org.hibernate.dialect.MySQL8Dialect
15:34:38.391 [main] INFO  o.h.e.t.j.p.i.JtaPlatformInitiator - [initiateService,52] - HHH000490: Using JtaPlatform implementation: [org.hibernate.engine.transaction.jta.platform.internal.NoJtaPlatform]
15:34:41.473 [main] INFO  o.a.e.c.DefaultActiviti5CompatibilityHandlerFactory - [createActiviti5CompatibilityHandler,38] - Activiti 5 compatibility handler implementation not found or error during instantiation : org.activiti.compatibility.DefaultActiviti5CompatibilityHandler. Activiti 5 backwards compatibility disabled.
15:34:41.546 [main] INFO  o.a.e.i.ProcessEngineImpl - [<init>,87] - ProcessEngine default created
15:34:41.548 [main] INFO  o.a.e.i.a.DefaultAsyncJobExecutor - [start,169] - Starting up the default async job executor [org.activiti.spring.SpringAsyncExecutor].
15:34:41.549 [Thread-3] INFO  o.a.e.i.a.AcquireTimerJobsRunnable - [run,49] - {} starting to acquire async jobs due
15:34:41.549 [Thread-4] INFO  o.a.e.i.a.ResetExpiredJobsRunnable - [run,51] - {} starting to reset expired jobs
15:34:41.549 [Thread-2] INFO  o.a.e.i.a.AcquireAsyncJobsDueRunnable - [run,45] - {} starting to acquire async jobs due
15:34:42.651 [main] INFO  c.g.l.TestApplication - [logStarted,61] - Started TestApplication in 8.959 seconds (JVM running for 9.994)
15:34:42.749 [SpringApplicationShutdownHook] INFO  o.a.e.i.a.DefaultAsyncJobExecutor - [shutdown,208] - Shutting down the default async job executor [org.activiti.spring.SpringAsyncExecutor].
15:34:42.750 [activiti-acquire-async-jobs] INFO  o.a.e.i.a.AcquireAsyncJobsDueRunnable - [run,115] - {} stopped async job due acquisition
15:34:42.750 [activiti-reset-expired-jobs] INFO  o.a.e.i.a.ResetExpiredJobsRunnable - [run,99] - {} stopped resetting expired jobs
15:34:42.750 [activiti-acquire-timer-jobs] INFO  o.a.e.i.a.AcquireTimerJobsRunnable - [run,115] - {} stopped async job due acquisition
15:34:42.775 [SpringApplicationShutdownHook] INFO  c.a.d.p.DruidDataSource - [close,1928] - {dataSource-1} closed
15:38:43.155 [main] INFO  c.g.l.TestApplication - [logStarting,55] - Starting TestApplication using Java 1.8.0_31 on LAPTOP-LINC7R8B with PID 17896 (started by 39851 in E:\test\lxl-long\lxl-flag)
15:38:43.159 [main] INFO  c.g.l.TestApplication - [logStartupProfileInfo,659] - No active profile set, falling back to default profiles: default
15:38:44.750 [main] INFO  c.a.d.s.b.a.DruidDataSourceAutoConfigure - [dataSource,56] - Init DruidDataSource
15:38:45.027 [main] INFO  c.a.d.p.DruidDataSource - [init,991] - {dataSource-1} inited
15:38:45.363 [main] INFO  o.h.j.i.u.LogHelper - [logPersistenceUnitInformation,31] - HHH000204: Processing PersistenceUnitInfo [name: default]
15:38:45.451 [main] INFO  o.hibernate.Version - [logVersion,44] - HHH000412: Hibernate ORM core version 5.4.32.Final
15:38:45.621 [main] INFO  o.h.a.common.Version - [<clinit>,56] - HCANN000001: Hibernate Commons Annotations {5.1.2.Final}
15:38:46.346 [main] INFO  o.h.dialect.Dialect - [<init>,175] - HHH000400: Using dialect: org.hibernate.dialect.MySQL8Dialect
15:38:47.013 [main] INFO  o.h.e.t.j.p.i.JtaPlatformInitiator - [initiateService,52] - HHH000490: Using JtaPlatform implementation: [org.hibernate.engine.transaction.jta.platform.internal.NoJtaPlatform]
15:38:50.821 [main] INFO  o.a.e.c.DefaultActiviti5CompatibilityHandlerFactory - [createActiviti5CompatibilityHandler,38] - Activiti 5 compatibility handler implementation not found or error during instantiation : org.activiti.compatibility.DefaultActiviti5CompatibilityHandler. Activiti 5 backwards compatibility disabled.
15:38:50.870 [main] INFO  o.a.e.i.ProcessEngineImpl - [<init>,87] - ProcessEngine default created
15:38:50.871 [main] INFO  o.a.e.i.a.DefaultAsyncJobExecutor - [start,169] - Starting up the default async job executor [org.activiti.spring.SpringAsyncExecutor].
15:38:50.872 [Thread-2] INFO  o.a.e.i.a.AcquireAsyncJobsDueRunnable - [run,45] - {} starting to acquire async jobs due
15:38:50.872 [Thread-4] INFO  o.a.e.i.a.ResetExpiredJobsRunnable - [run,51] - {} starting to reset expired jobs
15:38:50.872 [Thread-3] INFO  o.a.e.i.a.AcquireTimerJobsRunnable - [run,49] - {} starting to acquire async jobs due
15:38:51.982 [main] INFO  c.g.l.TestApplication - [logStarted,61] - Started TestApplication in 9.149 seconds (JVM running for 10.202)
15:38:52.089 [SpringApplicationShutdownHook] INFO  o.a.e.i.a.DefaultAsyncJobExecutor - [shutdown,208] - Shutting down the default async job executor [org.activiti.spring.SpringAsyncExecutor].
15:38:52.089 [activiti-acquire-async-jobs] INFO  o.a.e.i.a.AcquireAsyncJobsDueRunnable - [run,115] - {} stopped async job due acquisition
15:38:52.089 [activiti-reset-expired-jobs] INFO  o.a.e.i.a.ResetExpiredJobsRunnable - [run,99] - {} stopped resetting expired jobs
15:38:52.089 [activiti-acquire-timer-jobs] INFO  o.a.e.i.a.AcquireTimerJobsRunnable - [run,115] - {} stopped async job due acquisition
15:38:52.119 [SpringApplicationShutdownHook] INFO  c.a.d.p.DruidDataSource - [close,1928] - {dataSource-1} closed
15:43:27.913 [main] INFO  c.g.l.TestApplication - [logStarting,55] - Starting TestApplication using Java 1.8.0_31 on LAPTOP-LINC7R8B with PID 26620 (started by 39851 in E:\test\lxl-long\lxl-flag)
15:43:27.917 [main] INFO  c.g.l.TestApplication - [logStartupProfileInfo,659] - No active profile set, falling back to default profiles: default
15:43:29.488 [main] INFO  c.a.d.s.b.a.DruidDataSourceAutoConfigure - [dataSource,56] - Init DruidDataSource
15:43:29.746 [main] INFO  c.a.d.p.DruidDataSource - [init,991] - {dataSource-1} inited
15:43:30.073 [main] INFO  o.h.j.i.u.LogHelper - [logPersistenceUnitInformation,31] - HHH000204: Processing PersistenceUnitInfo [name: default]
15:43:30.150 [main] INFO  o.hibernate.Version - [logVersion,44] - HHH000412: Hibernate ORM core version 5.4.32.Final
15:43:30.317 [main] INFO  o.h.a.common.Version - [<clinit>,56] - HCANN000001: Hibernate Commons Annotations {5.1.2.Final}
15:43:31.041 [main] INFO  o.h.dialect.Dialect - [<init>,175] - HHH000400: Using dialect: org.hibernate.dialect.MySQL8Dialect
15:43:31.686 [main] INFO  o.h.e.t.j.p.i.JtaPlatformInitiator - [initiateService,52] - HHH000490: Using JtaPlatform implementation: [org.hibernate.engine.transaction.jta.platform.internal.NoJtaPlatform]
15:43:35.260 [main] INFO  o.a.e.c.DefaultActiviti5CompatibilityHandlerFactory - [createActiviti5CompatibilityHandler,38] - Activiti 5 compatibility handler implementation not found or error during instantiation : org.activiti.compatibility.DefaultActiviti5CompatibilityHandler. Activiti 5 backwards compatibility disabled.
15:43:35.313 [main] INFO  o.a.e.i.ProcessEngineImpl - [<init>,87] - ProcessEngine default created
15:43:35.315 [main] INFO  o.a.e.i.a.DefaultAsyncJobExecutor - [start,169] - Starting up the default async job executor [org.activiti.spring.SpringAsyncExecutor].
15:43:35.316 [Thread-4] INFO  o.a.e.i.a.ResetExpiredJobsRunnable - [run,51] - {} starting to reset expired jobs
15:43:35.316 [Thread-3] INFO  o.a.e.i.a.AcquireTimerJobsRunnable - [run,49] - {} starting to acquire async jobs due
15:43:35.316 [Thread-2] INFO  o.a.e.i.a.AcquireAsyncJobsDueRunnable - [run,45] - {} starting to acquire async jobs due
15:43:36.444 [main] INFO  c.g.l.TestApplication - [logStarted,61] - Started TestApplication in 8.84 seconds (JVM running for 9.859)
15:43:36.534 [SpringApplicationShutdownHook] INFO  o.a.e.i.a.DefaultAsyncJobExecutor - [shutdown,208] - Shutting down the default async job executor [org.activiti.spring.SpringAsyncExecutor].
15:43:36.534 [activiti-acquire-timer-jobs] INFO  o.a.e.i.a.AcquireTimerJobsRunnable - [run,115] - {} stopped async job due acquisition
15:43:36.534 [activiti-reset-expired-jobs] INFO  o.a.e.i.a.ResetExpiredJobsRunnable - [run,99] - {} stopped resetting expired jobs
15:43:36.534 [activiti-acquire-async-jobs] INFO  o.a.e.i.a.AcquireAsyncJobsDueRunnable - [run,115] - {} stopped async job due acquisition
15:43:36.560 [SpringApplicationShutdownHook] INFO  c.a.d.p.DruidDataSource - [close,1928] - {dataSource-1} closed
