14:16:34.469 [main] INFO  c.g.l.TestApplication - [logStarting,55] - Starting TestApplication using Java 1.8.0_31 on LAPTOP-LINC7R8B with PID 23796 (started by 39851 in E:\test\lxl-long\lxl-flag)
14:16:34.477 [main] INFO  c.g.l.TestApplication - [logStartupProfileInfo,659] - No active profile set, falling back to default profiles: default
14:16:35.455 [main] INFO  c.g.l.r.s.b.c.AutoConfiguredRetrofitScannerRegistrar - [registerBeanDefinitions,55] - Scan the @RetrofitClient annotated interface using the auto-configuration package. packages=[com.gre.lxl]
14:16:37.804 [main] INFO  o.a.c.h.Http11NioProtocol - [log,173] - Initializing ProtocolHandler ["http-nio-auto-1"]
14:16:37.804 [main] INFO  o.a.c.c.StandardService - [log,173] - Starting service [Tomcat]
14:16:37.805 [main] INFO  o.a.c.c.StandardEngine - [log,173] - Starting Servlet engine: [Apache Tomcat/9.0.46]
14:16:37.990 [main] INFO  o.a.c.c.C.[.[.[/] - [log,173] - Initializing Spring embedded WebApplicationContext
14:16:38.185 [main] INFO  c.a.d.s.b.a.DruidDataSourceAutoConfigure - [dataSource,56] - Init DruidDataSource
14:16:38.419 [main] INFO  c.a.d.p.DruidDataSource - [init,991] - {dataSource-1} inited
14:16:38.887 [main] INFO  o.h.j.i.u.LogHelper - [logPersistenceUnitInformation,31] - HHH000204: Processing PersistenceUnitInfo [name: default]
14:16:38.981 [main] INFO  o.hibernate.Version - [logVersion,44] - HHH000412: Hibernate ORM core version 5.4.32.Final
14:16:39.155 [main] INFO  o.h.a.common.Version - [<clinit>,56] - HCANN000001: Hibernate Commons Annotations {5.1.2.Final}
14:16:39.333 [main] INFO  o.h.dialect.Dialect - [<init>,175] - HHH000400: Using dialect: org.hibernate.dialect.MySQL8Dialect
14:16:40.167 [main] INFO  o.h.e.t.j.p.i.JtaPlatformInitiator - [initiateService,52] - HHH000490: Using JtaPlatform implementation: [org.hibernate.engine.transaction.jta.platform.internal.NoJtaPlatform]
14:16:45.092 [main] INFO  o.a.e.c.DefaultActiviti5CompatibilityHandlerFactory - [createActiviti5CompatibilityHandler,38] - Activiti 5 compatibility handler implementation not found or error during instantiation : org.activiti.compatibility.DefaultActiviti5CompatibilityHandler. Activiti 5 backwards compatibility disabled.
14:16:45.190 [main] INFO  o.a.e.i.ProcessEngineImpl - [<init>,87] - ProcessEngine default created
14:16:45.192 [main] INFO  o.a.e.i.a.DefaultAsyncJobExecutor - [start,169] - Starting up the default async job executor [org.activiti.spring.SpringAsyncExecutor].
14:16:45.193 [Thread-3] INFO  o.a.e.i.a.AcquireTimerJobsRunnable - [run,49] - {} starting to acquire async jobs due
14:16:45.193 [Thread-2] INFO  o.a.e.i.a.AcquireAsyncJobsDueRunnable - [run,45] - {} starting to acquire async jobs due
14:16:45.193 [Thread-4] INFO  o.a.e.i.a.ResetExpiredJobsRunnable - [run,51] - {} starting to reset expired jobs
14:16:51.088 [main] INFO  o.a.c.h.Http11NioProtocol - [log,173] - Starting ProtocolHandler ["http-nio-auto-1"]
14:16:51.132 [main] INFO  c.g.l.TestApplication - [logStarted,61] - Started TestApplication in 17.007 seconds (JVM running for 18.312)
14:16:51.134 [main] INFO  c.g.l.s.Start2Config - [run,22] - ###########################################
14:16:51.135 [main] INFO  c.g.l.s.Start2Config - [run,23] - 第二次测试ApplicationRunner打印你一定猜不到吧
14:16:51.135 [main] INFO  c.g.l.s.Start2Config - [run,24] - 测试uid:N002987421
14:16:51.135 [main] INFO  c.g.l.s.Start2Config - [run,25] - url:http://cdctest.cmburl.cn/cdcserver/api/v2
14:16:51.135 [main] INFO  c.g.l.f.r.c.StartConfig - [run,23] - 测试ApplicationRunner打印你一定猜不到吧
14:16:51.135 [main] INFO  c.g.l.f.r.c.StartConfig - [run,24] - 测试appId:123456
14:16:51.135 [main] INFO  c.g.l.f.r.c.StartConfig - [run,25] - 测试appSecret:456789
14:16:51.968 [SpringApplicationShutdownHook] INFO  o.a.e.i.a.DefaultAsyncJobExecutor - [shutdown,208] - Shutting down the default async job executor [org.activiti.spring.SpringAsyncExecutor].
14:16:51.968 [activiti-acquire-timer-jobs] INFO  o.a.e.i.a.AcquireTimerJobsRunnable - [run,115] - {} stopped async job due acquisition
14:16:51.968 [activiti-acquire-async-jobs] INFO  o.a.e.i.a.AcquireAsyncJobsDueRunnable - [run,115] - {} stopped async job due acquisition
14:16:51.968 [activiti-reset-expired-jobs] INFO  o.a.e.i.a.ResetExpiredJobsRunnable - [run,99] - {} stopped resetting expired jobs
14:16:51.980 [SpringApplicationShutdownHook] INFO  c.a.d.p.DruidDataSource - [close,1928] - {dataSource-1} closed
14:17:27.419 [main] INFO  c.g.l.TestApplication - [logStarting,55] - Starting TestApplication using Java 1.8.0_31 on LAPTOP-LINC7R8B with PID 19604 (started by 39851 in E:\test\lxl-long\lxl-flag)
14:17:27.423 [main] INFO  c.g.l.TestApplication - [logStartupProfileInfo,659] - No active profile set, falling back to default profiles: default
14:17:28.326 [main] INFO  c.g.l.r.s.b.c.AutoConfiguredRetrofitScannerRegistrar - [registerBeanDefinitions,55] - Scan the @RetrofitClient annotated interface using the auto-configuration package. packages=[com.gre.lxl]
14:17:30.740 [main] INFO  o.a.c.h.Http11NioProtocol - [log,173] - Initializing ProtocolHandler ["http-nio-auto-1"]
14:17:30.741 [main] INFO  o.a.c.c.StandardService - [log,173] - Starting service [Tomcat]
14:17:30.741 [main] INFO  o.a.c.c.StandardEngine - [log,173] - Starting Servlet engine: [Apache Tomcat/9.0.46]
14:17:30.909 [main] INFO  o.a.c.c.C.[.[.[/] - [log,173] - Initializing Spring embedded WebApplicationContext
14:17:31.115 [main] INFO  c.a.d.s.b.a.DruidDataSourceAutoConfigure - [dataSource,56] - Init DruidDataSource
14:17:31.343 [main] INFO  c.a.d.p.DruidDataSource - [init,991] - {dataSource-1} inited
14:17:31.707 [main] INFO  o.h.j.i.u.LogHelper - [logPersistenceUnitInformation,31] - HHH000204: Processing PersistenceUnitInfo [name: default]
14:17:31.789 [main] INFO  o.hibernate.Version - [logVersion,44] - HHH000412: Hibernate ORM core version 5.4.32.Final
14:17:31.959 [main] INFO  o.h.a.common.Version - [<clinit>,56] - HCANN000001: Hibernate Commons Annotations {5.1.2.Final}
14:17:32.126 [main] INFO  o.h.dialect.Dialect - [<init>,175] - HHH000400: Using dialect: org.hibernate.dialect.MySQL8Dialect
14:17:32.902 [main] INFO  o.h.e.t.j.p.i.JtaPlatformInitiator - [initiateService,52] - HHH000490: Using JtaPlatform implementation: [org.hibernate.engine.transaction.jta.platform.internal.NoJtaPlatform]
14:17:35.907 [main] INFO  o.a.e.c.DefaultActiviti5CompatibilityHandlerFactory - [createActiviti5CompatibilityHandler,38] - Activiti 5 compatibility handler implementation not found or error during instantiation : org.activiti.compatibility.DefaultActiviti5CompatibilityHandler. Activiti 5 backwards compatibility disabled.
14:17:35.963 [main] INFO  o.a.e.i.ProcessEngineImpl - [<init>,87] - ProcessEngine default created
14:17:35.965 [main] INFO  o.a.e.i.a.DefaultAsyncJobExecutor - [start,169] - Starting up the default async job executor [org.activiti.spring.SpringAsyncExecutor].
14:17:35.966 [Thread-2] INFO  o.a.e.i.a.AcquireAsyncJobsDueRunnable - [run,45] - {} starting to acquire async jobs due
14:17:35.966 [Thread-4] INFO  o.a.e.i.a.ResetExpiredJobsRunnable - [run,51] - {} starting to reset expired jobs
14:17:35.966 [Thread-3] INFO  o.a.e.i.a.AcquireTimerJobsRunnable - [run,49] - {} starting to acquire async jobs due
14:17:38.736 [main] INFO  o.a.c.h.Http11NioProtocol - [log,173] - Starting ProtocolHandler ["http-nio-auto-1"]
14:17:38.781 [main] INFO  c.g.l.TestApplication - [logStarted,61] - Started TestApplication in 11.69 seconds (JVM running for 12.809)
14:17:38.783 [main] INFO  c.g.l.s.Start2Config - [run,22] - ###########################################
14:17:38.784 [main] INFO  c.g.l.s.Start2Config - [run,23] - 第二次测试ApplicationRunner打印你一定猜不到吧
14:17:38.784 [main] INFO  c.g.l.s.Start2Config - [run,24] - 测试uid:N002987421
14:17:38.784 [main] INFO  c.g.l.s.Start2Config - [run,25] - url:http://cdctest.cmburl.cn/cdcserver/api/v2
14:17:38.784 [main] INFO  c.g.l.f.r.c.StartConfig - [run,23] - 测试ApplicationRunner打印你一定猜不到吧
14:17:38.784 [main] INFO  c.g.l.f.r.c.StartConfig - [run,24] - 测试appId:123456
14:17:38.785 [main] INFO  c.g.l.f.r.c.StartConfig - [run,25] - 测试appSecret:456789
14:17:39.401 [SpringApplicationShutdownHook] INFO  o.a.e.i.a.DefaultAsyncJobExecutor - [shutdown,208] - Shutting down the default async job executor [org.activiti.spring.SpringAsyncExecutor].
14:17:39.401 [activiti-acquire-async-jobs] INFO  o.a.e.i.a.AcquireAsyncJobsDueRunnable - [run,115] - {} stopped async job due acquisition
14:17:39.401 [activiti-reset-expired-jobs] INFO  o.a.e.i.a.ResetExpiredJobsRunnable - [run,99] - {} stopped resetting expired jobs
14:17:39.401 [activiti-acquire-timer-jobs] INFO  o.a.e.i.a.AcquireTimerJobsRunnable - [run,115] - {} stopped async job due acquisition
14:17:39.412 [SpringApplicationShutdownHook] INFO  c.a.d.p.DruidDataSource - [close,1928] - {dataSource-1} closed
