14:32:44.263 [main] INFO  c.g.l.TestApplication - [logStarting,55] - Starting TestApplication using Java 1.8.0_31 on LAPTOP-LINC7R8B with PID 10960 (started by 39851 in E:\test\lxl-long\lxl-flag)
14:32:44.272 [main] INFO  c.g.l.TestApplication - [logStartupProfileInfo,659] - No active profile set, falling back to default profiles: default
14:32:46.667 [main] INFO  c.a.d.s.b.a.DruidDataSourceAutoConfigure - [dataSource,56] - Init DruidDataSource
14:32:46.896 [main] INFO  c.a.d.p.DruidDataSource - [init,991] - {dataSource-1} inited
14:32:47.253 [main] INFO  o.h.j.i.u.LogHelper - [logPersistenceUnitInformation,31] - HHH000204: Processing PersistenceUnitInfo [name: default]
14:32:47.342 [main] INFO  o.hibernate.Version - [logVersion,44] - HHH000412: Hibernate ORM core version 5.4.32.Final
14:32:47.513 [main] INFO  o.h.a.common.Version - [<clinit>,56] - HCANN000001: Hibernate Commons Annotations {5.1.2.Final}
14:32:48.109 [main] INFO  o.h.dialect.Dialect - [<init>,175] - HHH000400: Using dialect: org.hibernate.dialect.MySQL8Dialect
14:32:48.753 [main] INFO  o.h.e.t.j.p.i.JtaPlatformInitiator - [initiateService,52] - HHH000490: Using JtaPlatform implementation: [org.hibernate.engine.transaction.jta.platform.internal.NoJtaPlatform]
14:32:50.857 [main] INFO  o.a.e.c.DefaultActiviti5CompatibilityHandlerFactory - [createActiviti5CompatibilityHandler,38] - Activiti 5 compatibility handler implementation not found or error during instantiation : org.activiti.compatibility.DefaultActiviti5CompatibilityHandler. Activiti 5 backwards compatibility disabled.
14:32:50.912 [main] INFO  o.a.e.i.ProcessEngineImpl - [<init>,87] - ProcessEngine default created
14:32:50.914 [main] INFO  o.a.e.i.a.DefaultAsyncJobExecutor - [start,169] - Starting up the default async job executor [org.activiti.spring.SpringAsyncExecutor].
14:32:50.915 [Thread-4] INFO  o.a.e.i.a.ResetExpiredJobsRunnable - [run,51] - {} starting to reset expired jobs
14:32:50.915 [Thread-3] INFO  o.a.e.i.a.AcquireTimerJobsRunnable - [run,49] - {} starting to acquire async jobs due
14:32:50.915 [Thread-2] INFO  o.a.e.i.a.AcquireAsyncJobsDueRunnable - [run,45] - {} starting to acquire async jobs due
14:32:53.425 [main] INFO  c.g.l.TestApplication - [logStarted,61] - Started TestApplication in 9.482 seconds (JVM running for 10.569)
14:32:53.427 [main] INFO  c.g.l.f.r.c.StartConfig - [run,21] - 测试ApplicationRunner打印你一定猜不到吧
14:32:53.427 [main] INFO  c.g.l.f.r.c.StartConfig - [run,22] - 测试appId:123456
14:32:53.427 [main] INFO  c.g.l.f.r.c.StartConfig - [run,23] - 测试appSecret:456789
14:32:53.578 [SpringApplicationShutdownHook] INFO  o.a.e.i.a.DefaultAsyncJobExecutor - [shutdown,208] - Shutting down the default async job executor [org.activiti.spring.SpringAsyncExecutor].
14:32:53.578 [activiti-acquire-timer-jobs] INFO  o.a.e.i.a.AcquireTimerJobsRunnable - [run,115] - {} stopped async job due acquisition
14:32:53.578 [activiti-reset-expired-jobs] INFO  o.a.e.i.a.ResetExpiredJobsRunnable - [run,99] - {} stopped resetting expired jobs
14:32:53.578 [activiti-acquire-async-jobs] INFO  o.a.e.i.a.AcquireAsyncJobsDueRunnable - [run,115] - {} stopped async job due acquisition
14:32:53.590 [SpringApplicationShutdownHook] INFO  c.a.d.p.DruidDataSource - [close,1928] - {dataSource-1} closed
14:36:48.357 [main] INFO  c.g.l.TestApplication - [logStarting,55] - Starting TestApplication using Java 1.8.0_31 on LAPTOP-LINC7R8B with PID 29604 (started by 39851 in E:\test\lxl-long\lxl-flag)
14:36:48.361 [main] INFO  c.g.l.TestApplication - [logStartupProfileInfo,659] - No active profile set, falling back to default profiles: default
14:36:50.202 [main] INFO  c.a.d.s.b.a.DruidDataSourceAutoConfigure - [dataSource,56] - Init DruidDataSource
14:36:50.411 [main] INFO  c.a.d.p.DruidDataSource - [init,991] - {dataSource-1} inited
14:36:50.751 [main] INFO  o.h.j.i.u.LogHelper - [logPersistenceUnitInformation,31] - HHH000204: Processing PersistenceUnitInfo [name: default]
14:36:50.828 [main] INFO  o.hibernate.Version - [logVersion,44] - HHH000412: Hibernate ORM core version 5.4.32.Final
14:36:51.002 [main] INFO  o.h.a.common.Version - [<clinit>,56] - HCANN000001: Hibernate Commons Annotations {5.1.2.Final}
14:36:51.611 [main] INFO  o.h.dialect.Dialect - [<init>,175] - HHH000400: Using dialect: org.hibernate.dialect.MySQL8Dialect
14:36:52.251 [main] INFO  o.h.e.t.j.p.i.JtaPlatformInitiator - [initiateService,52] - HHH000490: Using JtaPlatform implementation: [org.hibernate.engine.transaction.jta.platform.internal.NoJtaPlatform]
14:36:54.738 [main] INFO  o.a.e.c.DefaultActiviti5CompatibilityHandlerFactory - [createActiviti5CompatibilityHandler,38] - Activiti 5 compatibility handler implementation not found or error during instantiation : org.activiti.compatibility.DefaultActiviti5CompatibilityHandler. Activiti 5 backwards compatibility disabled.
14:36:54.786 [main] INFO  o.a.e.i.ProcessEngineImpl - [<init>,87] - ProcessEngine default created
14:36:54.788 [main] INFO  o.a.e.i.a.DefaultAsyncJobExecutor - [start,169] - Starting up the default async job executor [org.activiti.spring.SpringAsyncExecutor].
14:36:54.789 [Thread-4] INFO  o.a.e.i.a.ResetExpiredJobsRunnable - [run,51] - {} starting to reset expired jobs
14:36:54.789 [Thread-3] INFO  o.a.e.i.a.AcquireTimerJobsRunnable - [run,49] - {} starting to acquire async jobs due
14:36:54.789 [Thread-2] INFO  o.a.e.i.a.AcquireAsyncJobsDueRunnable - [run,45] - {} starting to acquire async jobs due
14:36:57.203 [main] INFO  c.g.l.TestApplication - [logStarted,61] - Started TestApplication in 9.166 seconds (JVM running for 10.172)
14:36:57.205 [main] INFO  c.g.l.f.r.c.StartConfig - [run,21] - 测试ApplicationRunner打印你一定猜不到吧
14:36:57.205 [main] INFO  c.g.l.f.r.c.StartConfig - [run,22] - 测试appId:123456
14:36:57.205 [main] INFO  c.g.l.f.r.c.StartConfig - [run,23] - 测试appSecret:456789
14:36:57.409 [SpringApplicationShutdownHook] INFO  o.a.e.i.a.DefaultAsyncJobExecutor - [shutdown,208] - Shutting down the default async job executor [org.activiti.spring.SpringAsyncExecutor].
14:36:57.410 [activiti-reset-expired-jobs] INFO  o.a.e.i.a.ResetExpiredJobsRunnable - [run,99] - {} stopped resetting expired jobs
14:36:57.410 [activiti-acquire-timer-jobs] INFO  o.a.e.i.a.AcquireTimerJobsRunnable - [run,115] - {} stopped async job due acquisition
14:36:57.410 [activiti-acquire-async-jobs] INFO  o.a.e.i.a.AcquireAsyncJobsDueRunnable - [run,115] - {} stopped async job due acquisition
14:36:57.421 [SpringApplicationShutdownHook] INFO  c.a.d.p.DruidDataSource - [close,1928] - {dataSource-1} closed
14:40:41.153 [main] INFO  c.g.l.TestApplication - [logStarting,55] - Starting TestApplication using Java 1.8.0_31 on LAPTOP-LINC7R8B with PID 25264 (started by 39851 in E:\test\lxl-long\lxl-flag)
14:40:41.157 [main] INFO  c.g.l.TestApplication - [logStartupProfileInfo,659] - No active profile set, falling back to default profiles: default
14:40:43.051 [main] INFO  c.a.d.s.b.a.DruidDataSourceAutoConfigure - [dataSource,56] - Init DruidDataSource
14:40:43.266 [main] INFO  c.a.d.p.DruidDataSource - [init,991] - {dataSource-1} inited
14:40:43.608 [main] INFO  o.h.j.i.u.LogHelper - [logPersistenceUnitInformation,31] - HHH000204: Processing PersistenceUnitInfo [name: default]
14:40:43.705 [main] INFO  o.hibernate.Version - [logVersion,44] - HHH000412: Hibernate ORM core version 5.4.32.Final
14:40:43.868 [main] INFO  o.h.a.common.Version - [<clinit>,56] - HCANN000001: Hibernate Commons Annotations {5.1.2.Final}
14:40:44.455 [main] INFO  o.h.dialect.Dialect - [<init>,175] - HHH000400: Using dialect: org.hibernate.dialect.MySQL8Dialect
14:40:45.088 [main] INFO  o.h.e.t.j.p.i.JtaPlatformInitiator - [initiateService,52] - HHH000490: Using JtaPlatform implementation: [org.hibernate.engine.transaction.jta.platform.internal.NoJtaPlatform]
14:40:47.746 [main] INFO  o.a.e.c.DefaultActiviti5CompatibilityHandlerFactory - [createActiviti5CompatibilityHandler,38] - Activiti 5 compatibility handler implementation not found or error during instantiation : org.activiti.compatibility.DefaultActiviti5CompatibilityHandler. Activiti 5 backwards compatibility disabled.
14:40:47.803 [main] INFO  o.a.e.i.ProcessEngineImpl - [<init>,87] - ProcessEngine default created
14:40:47.806 [main] INFO  o.a.e.i.a.DefaultAsyncJobExecutor - [start,169] - Starting up the default async job executor [org.activiti.spring.SpringAsyncExecutor].
14:40:47.807 [Thread-3] INFO  o.a.e.i.a.AcquireTimerJobsRunnable - [run,49] - {} starting to acquire async jobs due
14:40:47.807 [Thread-2] INFO  o.a.e.i.a.AcquireAsyncJobsDueRunnable - [run,45] - {} starting to acquire async jobs due
14:40:47.807 [Thread-4] INFO  o.a.e.i.a.ResetExpiredJobsRunnable - [run,51] - {} starting to reset expired jobs
14:40:50.250 [main] INFO  c.g.l.TestApplication - [logStarted,61] - Started TestApplication in 9.439 seconds (JVM running for 10.489)
14:40:50.252 [main] INFO  c.g.l.f.r.c.StartConfig - [run,21] - 测试ApplicationRunner打印你一定猜不到吧
14:40:50.252 [main] INFO  c.g.l.f.r.c.StartConfig - [run,22] - 测试appId:123456
14:40:50.252 [main] INFO  c.g.l.f.r.c.StartConfig - [run,23] - 测试appSecret:456789
14:40:50.461 [SpringApplicationShutdownHook] INFO  o.a.e.i.a.DefaultAsyncJobExecutor - [shutdown,208] - Shutting down the default async job executor [org.activiti.spring.SpringAsyncExecutor].
14:40:50.461 [activiti-acquire-timer-jobs] INFO  o.a.e.i.a.AcquireTimerJobsRunnable - [run,115] - {} stopped async job due acquisition
14:40:50.461 [activiti-reset-expired-jobs] INFO  o.a.e.i.a.ResetExpiredJobsRunnable - [run,99] - {} stopped resetting expired jobs
14:40:50.461 [activiti-acquire-async-jobs] INFO  o.a.e.i.a.AcquireAsyncJobsDueRunnable - [run,115] - {} stopped async job due acquisition
14:40:50.475 [SpringApplicationShutdownHook] INFO  c.a.d.p.DruidDataSource - [close,1928] - {dataSource-1} closed
14:46:56.030 [main] INFO  c.g.l.TestApplication - [logStarting,55] - Starting TestApplication using Java 1.8.0_31 on LAPTOP-LINC7R8B with PID 30420 (started by 39851 in E:\test\lxl-long\lxl-flag)
14:46:56.034 [main] INFO  c.g.l.TestApplication - [logStartupProfileInfo,659] - No active profile set, falling back to default profiles: default
14:46:57.909 [main] INFO  c.a.d.s.b.a.DruidDataSourceAutoConfigure - [dataSource,56] - Init DruidDataSource
14:46:58.121 [main] INFO  c.a.d.p.DruidDataSource - [init,991] - {dataSource-1} inited
14:46:58.482 [main] INFO  o.h.j.i.u.LogHelper - [logPersistenceUnitInformation,31] - HHH000204: Processing PersistenceUnitInfo [name: default]
14:46:58.569 [main] INFO  o.hibernate.Version - [logVersion,44] - HHH000412: Hibernate ORM core version 5.4.32.Final
14:46:58.742 [main] INFO  o.h.a.common.Version - [<clinit>,56] - HCANN000001: Hibernate Commons Annotations {5.1.2.Final}
14:46:59.327 [main] INFO  o.h.dialect.Dialect - [<init>,175] - HHH000400: Using dialect: org.hibernate.dialect.MySQL8Dialect
14:46:59.987 [main] INFO  o.h.e.t.j.p.i.JtaPlatformInitiator - [initiateService,52] - HHH000490: Using JtaPlatform implementation: [org.hibernate.engine.transaction.jta.platform.internal.NoJtaPlatform]
14:47:02.482 [main] INFO  o.a.e.c.DefaultActiviti5CompatibilityHandlerFactory - [createActiviti5CompatibilityHandler,38] - Activiti 5 compatibility handler implementation not found or error during instantiation : org.activiti.compatibility.DefaultActiviti5CompatibilityHandler. Activiti 5 backwards compatibility disabled.
14:47:02.542 [main] INFO  o.a.e.i.ProcessEngineImpl - [<init>,87] - ProcessEngine default created
14:47:02.544 [main] INFO  o.a.e.i.a.DefaultAsyncJobExecutor - [start,169] - Starting up the default async job executor [org.activiti.spring.SpringAsyncExecutor].
14:47:02.545 [Thread-4] INFO  o.a.e.i.a.ResetExpiredJobsRunnable - [run,51] - {} starting to reset expired jobs
14:47:02.545 [Thread-3] INFO  o.a.e.i.a.AcquireTimerJobsRunnable - [run,49] - {} starting to acquire async jobs due
14:47:02.545 [Thread-2] INFO  o.a.e.i.a.AcquireAsyncJobsDueRunnable - [run,45] - {} starting to acquire async jobs due
14:47:04.994 [main] INFO  c.g.l.TestApplication - [logStarted,61] - Started TestApplication in 9.271 seconds (JVM running for 10.341)
14:47:04.996 [main] INFO  c.g.l.f.r.c.StartConfig - [run,21] - 测试ApplicationRunner打印你一定猜不到吧
14:47:04.997 [main] INFO  c.g.l.f.r.c.StartConfig - [run,22] - 测试appId:123456
14:47:04.997 [main] INFO  c.g.l.f.r.c.StartConfig - [run,23] - 测试appSecret:456789
14:47:05.347 [SpringApplicationShutdownHook] INFO  o.a.e.i.a.DefaultAsyncJobExecutor - [shutdown,208] - Shutting down the default async job executor [org.activiti.spring.SpringAsyncExecutor].
14:47:05.347 [activiti-acquire-async-jobs] INFO  o.a.e.i.a.AcquireAsyncJobsDueRunnable - [run,115] - {} stopped async job due acquisition
14:47:05.347 [activiti-acquire-timer-jobs] INFO  o.a.e.i.a.AcquireTimerJobsRunnable - [run,115] - {} stopped async job due acquisition
14:47:05.347 [activiti-reset-expired-jobs] INFO  o.a.e.i.a.ResetExpiredJobsRunnable - [run,99] - {} stopped resetting expired jobs
14:47:05.362 [SpringApplicationShutdownHook] INFO  c.a.d.p.DruidDataSource - [close,1928] - {dataSource-1} closed
14:50:00.720 [main] INFO  c.g.l.TestApplication - [logStarting,55] - Starting TestApplication using Java 1.8.0_31 on LAPTOP-LINC7R8B with PID 28948 (started by 39851 in E:\test\lxl-long\lxl-flag)
14:50:00.724 [main] INFO  c.g.l.TestApplication - [logStartupProfileInfo,659] - No active profile set, falling back to default profiles: default
14:50:02.723 [main] INFO  c.a.d.s.b.a.DruidDataSourceAutoConfigure - [dataSource,56] - Init DruidDataSource
14:50:02.950 [main] INFO  c.a.d.p.DruidDataSource - [init,991] - {dataSource-1} inited
14:50:03.364 [main] INFO  o.h.j.i.u.LogHelper - [logPersistenceUnitInformation,31] - HHH000204: Processing PersistenceUnitInfo [name: default]
14:50:03.443 [main] INFO  o.hibernate.Version - [logVersion,44] - HHH000412: Hibernate ORM core version 5.4.32.Final
14:50:03.629 [main] INFO  o.h.a.common.Version - [<clinit>,56] - HCANN000001: Hibernate Commons Annotations {5.1.2.Final}
14:50:04.278 [main] INFO  o.h.dialect.Dialect - [<init>,175] - HHH000400: Using dialect: org.hibernate.dialect.MySQL8Dialect
14:50:04.937 [main] INFO  o.h.e.t.j.p.i.JtaPlatformInitiator - [initiateService,52] - HHH000490: Using JtaPlatform implementation: [org.hibernate.engine.transaction.jta.platform.internal.NoJtaPlatform]
14:50:07.707 [main] INFO  o.a.e.c.DefaultActiviti5CompatibilityHandlerFactory - [createActiviti5CompatibilityHandler,38] - Activiti 5 compatibility handler implementation not found or error during instantiation : org.activiti.compatibility.DefaultActiviti5CompatibilityHandler. Activiti 5 backwards compatibility disabled.
14:50:07.760 [main] INFO  o.a.e.i.ProcessEngineImpl - [<init>,87] - ProcessEngine default created
14:50:07.762 [main] INFO  o.a.e.i.a.DefaultAsyncJobExecutor - [start,169] - Starting up the default async job executor [org.activiti.spring.SpringAsyncExecutor].
14:50:07.763 [Thread-4] INFO  o.a.e.i.a.ResetExpiredJobsRunnable - [run,51] - {} starting to reset expired jobs
14:50:07.763 [Thread-2] INFO  o.a.e.i.a.AcquireAsyncJobsDueRunnable - [run,45] - {} starting to acquire async jobs due
14:50:07.763 [Thread-3] INFO  o.a.e.i.a.AcquireTimerJobsRunnable - [run,49] - {} starting to acquire async jobs due
14:50:10.378 [main] INFO  c.g.l.TestApplication - [logStarted,61] - Started TestApplication in 10.011 seconds (JVM running for 11.137)
14:50:10.380 [main] INFO  c.g.l.f.r.c.StartConfig - [run,21] - 测试ApplicationRunner打印你一定猜不到吧
14:50:10.381 [main] INFO  c.g.l.f.r.c.StartConfig - [run,22] - 测试appId:123456
14:50:10.381 [main] INFO  c.g.l.f.r.c.StartConfig - [run,23] - 测试appSecret:456789
14:50:10.642 [SpringApplicationShutdownHook] INFO  o.a.e.i.a.DefaultAsyncJobExecutor - [shutdown,208] - Shutting down the default async job executor [org.activiti.spring.SpringAsyncExecutor].
14:50:10.642 [activiti-acquire-timer-jobs] INFO  o.a.e.i.a.AcquireTimerJobsRunnable - [run,115] - {} stopped async job due acquisition
14:50:10.642 [activiti-acquire-async-jobs] INFO  o.a.e.i.a.AcquireAsyncJobsDueRunnable - [run,115] - {} stopped async job due acquisition
14:50:10.642 [activiti-reset-expired-jobs] INFO  o.a.e.i.a.ResetExpiredJobsRunnable - [run,99] - {} stopped resetting expired jobs
14:50:10.654 [SpringApplicationShutdownHook] INFO  c.a.d.p.DruidDataSource - [close,1928] - {dataSource-1} closed
16:11:54.757 [main] INFO  c.g.l.TestApplication - [logStarting,55] - Starting TestApplication using Java 1.8.0_31 on LAPTOP-LINC7R8B with PID 1332 (started by 39851 in E:\test\lxl-long\lxl-flag)
16:11:54.761 [main] INFO  c.g.l.TestApplication - [logStartupProfileInfo,659] - No active profile set, falling back to default profiles: default
16:11:56.730 [main] INFO  c.a.d.s.b.a.DruidDataSourceAutoConfigure - [dataSource,56] - Init DruidDataSource
16:11:56.948 [main] INFO  c.a.d.p.DruidDataSource - [init,991] - {dataSource-1} inited
16:11:57.329 [main] INFO  o.h.j.i.u.LogHelper - [logPersistenceUnitInformation,31] - HHH000204: Processing PersistenceUnitInfo [name: default]
16:11:57.402 [main] INFO  o.hibernate.Version - [logVersion,44] - HHH000412: Hibernate ORM core version 5.4.32.Final
16:11:57.571 [main] INFO  o.h.a.common.Version - [<clinit>,56] - HCANN000001: Hibernate Commons Annotations {5.1.2.Final}
16:11:58.150 [main] INFO  o.h.dialect.Dialect - [<init>,175] - HHH000400: Using dialect: org.hibernate.dialect.MySQL8Dialect
16:11:58.790 [main] INFO  o.h.e.t.j.p.i.JtaPlatformInitiator - [initiateService,52] - HHH000490: Using JtaPlatform implementation: [org.hibernate.engine.transaction.jta.platform.internal.NoJtaPlatform]
16:12:01.325 [main] INFO  o.a.e.c.DefaultActiviti5CompatibilityHandlerFactory - [createActiviti5CompatibilityHandler,38] - Activiti 5 compatibility handler implementation not found or error during instantiation : org.activiti.compatibility.DefaultActiviti5CompatibilityHandler. Activiti 5 backwards compatibility disabled.
16:12:01.381 [main] INFO  o.a.e.i.ProcessEngineImpl - [<init>,87] - ProcessEngine default created
16:12:01.383 [main] INFO  o.a.e.i.a.DefaultAsyncJobExecutor - [start,169] - Starting up the default async job executor [org.activiti.spring.SpringAsyncExecutor].
16:12:01.384 [Thread-2] INFO  o.a.e.i.a.AcquireAsyncJobsDueRunnable - [run,45] - {} starting to acquire async jobs due
16:12:01.384 [Thread-4] INFO  o.a.e.i.a.ResetExpiredJobsRunnable - [run,51] - {} starting to reset expired jobs
16:12:01.384 [Thread-3] INFO  o.a.e.i.a.AcquireTimerJobsRunnable - [run,49] - {} starting to acquire async jobs due
16:12:03.943 [main] INFO  c.g.l.TestApplication - [logStarted,61] - Started TestApplication in 9.529 seconds (JVM running for 10.837)
16:12:03.945 [main] INFO  c.g.l.f.r.c.StartConfig - [run,21] - 测试ApplicationRunner打印你一定猜不到吧
16:12:03.945 [main] INFO  c.g.l.f.r.c.StartConfig - [run,22] - 测试appId:123456
16:12:03.945 [main] INFO  c.g.l.f.r.c.StartConfig - [run,23] - 测试appSecret:456789
16:12:04.177 [SpringApplicationShutdownHook] INFO  o.a.e.i.a.DefaultAsyncJobExecutor - [shutdown,208] - Shutting down the default async job executor [org.activiti.spring.SpringAsyncExecutor].
16:12:04.178 [activiti-reset-expired-jobs] INFO  o.a.e.i.a.ResetExpiredJobsRunnable - [run,99] - {} stopped resetting expired jobs
16:12:04.178 [activiti-acquire-timer-jobs] INFO  o.a.e.i.a.AcquireTimerJobsRunnable - [run,115] - {} stopped async job due acquisition
16:12:04.178 [activiti-acquire-async-jobs] INFO  o.a.e.i.a.AcquireAsyncJobsDueRunnable - [run,115] - {} stopped async job due acquisition
16:12:04.192 [SpringApplicationShutdownHook] INFO  c.a.d.p.DruidDataSource - [close,1928] - {dataSource-1} closed
16:18:04.378 [main] INFO  c.g.l.TestApplication - [logStarting,55] - Starting TestApplication using Java 1.8.0_31 on LAPTOP-LINC7R8B with PID 31960 (started by 39851 in E:\test\lxl-long\lxl-flag)
16:18:04.384 [main] INFO  c.g.l.TestApplication - [logStartupProfileInfo,659] - No active profile set, falling back to default profiles: default
16:18:06.284 [main] INFO  c.a.d.s.b.a.DruidDataSourceAutoConfigure - [dataSource,56] - Init DruidDataSource
16:18:06.492 [main] INFO  c.a.d.p.DruidDataSource - [init,991] - {dataSource-1} inited
16:18:06.841 [main] INFO  o.h.j.i.u.LogHelper - [logPersistenceUnitInformation,31] - HHH000204: Processing PersistenceUnitInfo [name: default]
16:18:06.930 [main] INFO  o.hibernate.Version - [logVersion,44] - HHH000412: Hibernate ORM core version 5.4.32.Final
16:18:07.130 [main] INFO  o.h.a.common.Version - [<clinit>,56] - HCANN000001: Hibernate Commons Annotations {5.1.2.Final}
16:18:07.763 [main] INFO  o.h.dialect.Dialect - [<init>,175] - HHH000400: Using dialect: org.hibernate.dialect.MySQL8Dialect
16:18:08.553 [main] INFO  o.h.e.t.j.p.i.JtaPlatformInitiator - [initiateService,52] - HHH000490: Using JtaPlatform implementation: [org.hibernate.engine.transaction.jta.platform.internal.NoJtaPlatform]
16:18:11.291 [main] INFO  o.a.e.c.DefaultActiviti5CompatibilityHandlerFactory - [createActiviti5CompatibilityHandler,38] - Activiti 5 compatibility handler implementation not found or error during instantiation : org.activiti.compatibility.DefaultActiviti5CompatibilityHandler. Activiti 5 backwards compatibility disabled.
16:18:11.341 [main] INFO  o.a.e.i.ProcessEngineImpl - [<init>,87] - ProcessEngine default created
16:18:11.343 [main] INFO  o.a.e.i.a.DefaultAsyncJobExecutor - [start,169] - Starting up the default async job executor [org.activiti.spring.SpringAsyncExecutor].
16:18:11.344 [Thread-4] INFO  o.a.e.i.a.ResetExpiredJobsRunnable - [run,51] - {} starting to reset expired jobs
16:18:11.344 [Thread-2] INFO  o.a.e.i.a.AcquireAsyncJobsDueRunnable - [run,45] - {} starting to acquire async jobs due
16:18:11.344 [Thread-3] INFO  o.a.e.i.a.AcquireTimerJobsRunnable - [run,49] - {} starting to acquire async jobs due
16:18:13.931 [main] INFO  c.g.l.TestApplication - [logStarted,61] - Started TestApplication in 9.869 seconds (JVM running for 10.979)
16:18:13.933 [main] INFO  c.g.l.f.r.c.StartConfig - [run,21] - 测试ApplicationRunner打印你一定猜不到吧
16:18:13.934 [main] INFO  c.g.l.f.r.c.StartConfig - [run,22] - 测试appId:123456
16:18:13.934 [main] INFO  c.g.l.f.r.c.StartConfig - [run,23] - 测试appSecret:456789
16:18:14.045 [SpringApplicationShutdownHook] INFO  o.a.e.i.a.DefaultAsyncJobExecutor - [shutdown,208] - Shutting down the default async job executor [org.activiti.spring.SpringAsyncExecutor].
16:18:14.045 [activiti-acquire-timer-jobs] INFO  o.a.e.i.a.AcquireTimerJobsRunnable - [run,115] - {} stopped async job due acquisition
16:18:14.045 [activiti-acquire-async-jobs] INFO  o.a.e.i.a.AcquireAsyncJobsDueRunnable - [run,115] - {} stopped async job due acquisition
16:18:14.045 [activiti-reset-expired-jobs] INFO  o.a.e.i.a.ResetExpiredJobsRunnable - [run,99] - {} stopped resetting expired jobs
16:18:14.057 [SpringApplicationShutdownHook] INFO  c.a.d.p.DruidDataSource - [close,1928] - {dataSource-1} closed
16:24:40.166 [main] INFO  c.g.l.TestApplication - [logStarting,55] - Starting TestApplication using Java 1.8.0_31 on LAPTOP-LINC7R8B with PID 22704 (started by 39851 in E:\test\lxl-long\lxl-flag)
16:24:40.171 [main] INFO  c.g.l.TestApplication - [logStartupProfileInfo,659] - No active profile set, falling back to default profiles: default
16:24:42.217 [main] INFO  c.a.d.s.b.a.DruidDataSourceAutoConfigure - [dataSource,56] - Init DruidDataSource
16:24:42.423 [main] INFO  c.a.d.p.DruidDataSource - [init,991] - {dataSource-1} inited
16:24:42.864 [main] INFO  o.h.j.i.u.LogHelper - [logPersistenceUnitInformation,31] - HHH000204: Processing PersistenceUnitInfo [name: default]
16:24:42.971 [main] INFO  o.hibernate.Version - [logVersion,44] - HHH000412: Hibernate ORM core version 5.4.32.Final
16:24:43.148 [main] INFO  o.h.a.common.Version - [<clinit>,56] - HCANN000001: Hibernate Commons Annotations {5.1.2.Final}
16:24:43.773 [main] INFO  o.h.dialect.Dialect - [<init>,175] - HHH000400: Using dialect: org.hibernate.dialect.MySQL8Dialect
16:24:44.442 [main] INFO  o.h.e.t.j.p.i.JtaPlatformInitiator - [initiateService,52] - HHH000490: Using JtaPlatform implementation: [org.hibernate.engine.transaction.jta.platform.internal.NoJtaPlatform]
16:24:47.092 [main] INFO  o.a.e.c.DefaultActiviti5CompatibilityHandlerFactory - [createActiviti5CompatibilityHandler,38] - Activiti 5 compatibility handler implementation not found or error during instantiation : org.activiti.compatibility.DefaultActiviti5CompatibilityHandler. Activiti 5 backwards compatibility disabled.
16:24:47.152 [main] INFO  o.a.e.i.ProcessEngineImpl - [<init>,87] - ProcessEngine default created
16:24:47.153 [main] INFO  o.a.e.i.a.DefaultAsyncJobExecutor - [start,169] - Starting up the default async job executor [org.activiti.spring.SpringAsyncExecutor].
16:24:47.155 [Thread-2] INFO  o.a.e.i.a.AcquireAsyncJobsDueRunnable - [run,45] - {} starting to acquire async jobs due
16:24:47.155 [Thread-4] INFO  o.a.e.i.a.ResetExpiredJobsRunnable - [run,51] - {} starting to reset expired jobs
16:24:47.155 [Thread-3] INFO  o.a.e.i.a.AcquireTimerJobsRunnable - [run,49] - {} starting to acquire async jobs due
16:24:49.984 [main] INFO  c.g.l.TestApplication - [logStarted,61] - Started TestApplication in 10.134 seconds (JVM running for 11.187)
16:24:49.986 [main] INFO  c.g.l.f.r.c.StartConfig - [run,21] - 测试ApplicationRunner打印你一定猜不到吧
16:24:49.986 [main] INFO  c.g.l.f.r.c.StartConfig - [run,22] - 测试appId:123456
16:24:49.986 [main] INFO  c.g.l.f.r.c.StartConfig - [run,23] - 测试appSecret:456789
16:24:50.151 [SpringApplicationShutdownHook] INFO  o.a.e.i.a.DefaultAsyncJobExecutor - [shutdown,208] - Shutting down the default async job executor [org.activiti.spring.SpringAsyncExecutor].
16:24:50.151 [activiti-reset-expired-jobs] INFO  o.a.e.i.a.ResetExpiredJobsRunnable - [run,99] - {} stopped resetting expired jobs
16:24:50.151 [activiti-acquire-timer-jobs] INFO  o.a.e.i.a.AcquireTimerJobsRunnable - [run,115] - {} stopped async job due acquisition
16:24:50.151 [activiti-acquire-async-jobs] INFO  o.a.e.i.a.AcquireAsyncJobsDueRunnable - [run,115] - {} stopped async job due acquisition
16:24:50.162 [SpringApplicationShutdownHook] INFO  c.a.d.p.DruidDataSource - [close,1928] - {dataSource-1} closed
16:31:31.982 [main] INFO  c.g.l.TestApplication - [logStarting,55] - Starting TestApplication using Java 1.8.0_31 on LAPTOP-LINC7R8B with PID 15652 (started by 39851 in E:\test\lxl-long\lxl-flag)
16:31:31.986 [main] INFO  c.g.l.TestApplication - [logStartupProfileInfo,659] - No active profile set, falling back to default profiles: default
16:31:33.882 [main] INFO  c.a.d.s.b.a.DruidDataSourceAutoConfigure - [dataSource,56] - Init DruidDataSource
16:31:34.092 [main] INFO  c.a.d.p.DruidDataSource - [init,991] - {dataSource-1} inited
16:31:34.423 [main] INFO  o.h.j.i.u.LogHelper - [logPersistenceUnitInformation,31] - HHH000204: Processing PersistenceUnitInfo [name: default]
16:31:34.500 [main] INFO  o.hibernate.Version - [logVersion,44] - HHH000412: Hibernate ORM core version 5.4.32.Final
16:31:34.679 [main] INFO  o.h.a.common.Version - [<clinit>,56] - HCANN000001: Hibernate Commons Annotations {5.1.2.Final}
16:31:35.286 [main] INFO  o.h.dialect.Dialect - [<init>,175] - HHH000400: Using dialect: org.hibernate.dialect.MySQL8Dialect
16:31:35.919 [main] INFO  o.h.e.t.j.p.i.JtaPlatformInitiator - [initiateService,52] - HHH000490: Using JtaPlatform implementation: [org.hibernate.engine.transaction.jta.platform.internal.NoJtaPlatform]
16:31:38.510 [main] INFO  o.a.e.c.DefaultActiviti5CompatibilityHandlerFactory - [createActiviti5CompatibilityHandler,38] - Activiti 5 compatibility handler implementation not found or error during instantiation : org.activiti.compatibility.DefaultActiviti5CompatibilityHandler. Activiti 5 backwards compatibility disabled.
16:31:38.564 [main] INFO  o.a.e.i.ProcessEngineImpl - [<init>,87] - ProcessEngine default created
16:31:38.566 [main] INFO  o.a.e.i.a.DefaultAsyncJobExecutor - [start,169] - Starting up the default async job executor [org.activiti.spring.SpringAsyncExecutor].
16:31:38.567 [Thread-2] INFO  o.a.e.i.a.AcquireAsyncJobsDueRunnable - [run,45] - {} starting to acquire async jobs due
16:31:38.567 [Thread-3] INFO  o.a.e.i.a.AcquireTimerJobsRunnable - [run,49] - {} starting to acquire async jobs due
16:31:38.567 [Thread-4] INFO  o.a.e.i.a.ResetExpiredJobsRunnable - [run,51] - {} starting to reset expired jobs
16:31:40.990 [main] INFO  c.g.l.TestApplication - [logStarted,61] - Started TestApplication in 9.341 seconds (JVM running for 10.467)
16:31:40.992 [main] INFO  c.g.l.f.r.c.StartConfig - [run,21] - 测试ApplicationRunner打印你一定猜不到吧
16:31:40.993 [main] INFO  c.g.l.f.r.c.StartConfig - [run,22] - 测试appId:123456
16:31:40.993 [main] INFO  c.g.l.f.r.c.StartConfig - [run,23] - 测试appSecret:456789
16:31:41.170 [SpringApplicationShutdownHook] INFO  o.a.e.i.a.DefaultAsyncJobExecutor - [shutdown,208] - Shutting down the default async job executor [org.activiti.spring.SpringAsyncExecutor].
16:31:41.170 [activiti-acquire-timer-jobs] INFO  o.a.e.i.a.AcquireTimerJobsRunnable - [run,115] - {} stopped async job due acquisition
16:31:41.170 [activiti-reset-expired-jobs] INFO  o.a.e.i.a.ResetExpiredJobsRunnable - [run,99] - {} stopped resetting expired jobs
16:31:41.170 [activiti-acquire-async-jobs] INFO  o.a.e.i.a.AcquireAsyncJobsDueRunnable - [run,115] - {} stopped async job due acquisition
16:31:41.182 [SpringApplicationShutdownHook] INFO  c.a.d.p.DruidDataSource - [close,1928] - {dataSource-1} closed
16:35:28.442 [main] INFO  c.g.l.TestApplication - [logStarting,55] - Starting TestApplication using Java 1.8.0_31 on LAPTOP-LINC7R8B with PID 26240 (started by 39851 in E:\test\lxl-long\lxl-flag)
16:35:28.446 [main] INFO  c.g.l.TestApplication - [logStartupProfileInfo,659] - No active profile set, falling back to default profiles: default
16:35:30.426 [main] INFO  c.a.d.s.b.a.DruidDataSourceAutoConfigure - [dataSource,56] - Init DruidDataSource
16:35:30.665 [main] INFO  c.a.d.p.DruidDataSource - [init,991] - {dataSource-1} inited
16:35:31.036 [main] INFO  o.h.j.i.u.LogHelper - [logPersistenceUnitInformation,31] - HHH000204: Processing PersistenceUnitInfo [name: default]
16:35:31.234 [main] INFO  o.hibernate.Version - [logVersion,44] - HHH000412: Hibernate ORM core version 5.4.32.Final
16:35:31.445 [main] INFO  o.h.a.common.Version - [<clinit>,56] - HCANN000001: Hibernate Commons Annotations {5.1.2.Final}
16:35:32.081 [main] INFO  o.h.dialect.Dialect - [<init>,175] - HHH000400: Using dialect: org.hibernate.dialect.MySQL8Dialect
16:35:32.765 [main] INFO  o.h.e.t.j.p.i.JtaPlatformInitiator - [initiateService,52] - HHH000490: Using JtaPlatform implementation: [org.hibernate.engine.transaction.jta.platform.internal.NoJtaPlatform]
16:35:35.500 [main] INFO  o.a.e.c.DefaultActiviti5CompatibilityHandlerFactory - [createActiviti5CompatibilityHandler,38] - Activiti 5 compatibility handler implementation not found or error during instantiation : org.activiti.compatibility.DefaultActiviti5CompatibilityHandler. Activiti 5 backwards compatibility disabled.
16:35:35.544 [main] INFO  o.a.e.i.ProcessEngineImpl - [<init>,87] - ProcessEngine default created
16:35:35.545 [main] INFO  o.a.e.i.a.DefaultAsyncJobExecutor - [start,169] - Starting up the default async job executor [org.activiti.spring.SpringAsyncExecutor].
16:35:35.546 [Thread-2] INFO  o.a.e.i.a.AcquireAsyncJobsDueRunnable - [run,45] - {} starting to acquire async jobs due
16:35:35.547 [Thread-3] INFO  o.a.e.i.a.AcquireTimerJobsRunnable - [run,49] - {} starting to acquire async jobs due
16:35:35.547 [Thread-4] INFO  o.a.e.i.a.ResetExpiredJobsRunnable - [run,51] - {} starting to reset expired jobs
16:35:38.581 [main] INFO  c.g.l.TestApplication - [logStarted,61] - Started TestApplication in 10.476 seconds (JVM running for 11.5)
16:35:38.584 [main] INFO  c.g.l.f.r.c.StartConfig - [run,21] - 测试ApplicationRunner打印你一定猜不到吧
16:35:38.584 [main] INFO  c.g.l.f.r.c.StartConfig - [run,22] - 测试appId:123456
16:35:38.584 [main] INFO  c.g.l.f.r.c.StartConfig - [run,23] - 测试appSecret:456789
16:35:38.794 [SpringApplicationShutdownHook] INFO  o.a.e.i.a.DefaultAsyncJobExecutor - [shutdown,208] - Shutting down the default async job executor [org.activiti.spring.SpringAsyncExecutor].
16:35:38.794 [activiti-reset-expired-jobs] INFO  o.a.e.i.a.ResetExpiredJobsRunnable - [run,99] - {} stopped resetting expired jobs
16:35:38.794 [activiti-acquire-timer-jobs] INFO  o.a.e.i.a.AcquireTimerJobsRunnable - [run,115] - {} stopped async job due acquisition
16:35:38.794 [activiti-acquire-async-jobs] INFO  o.a.e.i.a.AcquireAsyncJobsDueRunnable - [run,115] - {} stopped async job due acquisition
16:35:38.810 [SpringApplicationShutdownHook] INFO  c.a.d.p.DruidDataSource - [close,1928] - {dataSource-1} closed
18:56:21.921 [main] INFO  c.g.l.TestApplication - [logStarting,55] - Starting TestApplication using Java 1.8.0_31 on LAPTOP-LINC7R8B with PID 14492 (started by 39851 in E:\test\lxl-long\lxl-flag)
18:56:21.924 [main] INFO  c.g.l.TestApplication - [logStartupProfileInfo,659] - No active profile set, falling back to default profiles: default
18:56:23.928 [main] INFO  c.a.d.s.b.a.DruidDataSourceAutoConfigure - [dataSource,56] - Init DruidDataSource
18:56:24.192 [main] INFO  c.a.d.p.DruidDataSource - [init,991] - {dataSource-1} inited
18:56:24.638 [main] INFO  o.h.j.i.u.LogHelper - [logPersistenceUnitInformation,31] - HHH000204: Processing PersistenceUnitInfo [name: default]
18:56:24.728 [main] INFO  o.hibernate.Version - [logVersion,44] - HHH000412: Hibernate ORM core version 5.4.32.Final
18:56:24.956 [main] INFO  o.h.a.common.Version - [<clinit>,56] - HCANN000001: Hibernate Commons Annotations {5.1.2.Final}
18:56:25.595 [main] INFO  o.h.dialect.Dialect - [<init>,175] - HHH000400: Using dialect: org.hibernate.dialect.MySQL8Dialect
18:56:26.245 [main] INFO  o.h.e.t.j.p.i.JtaPlatformInitiator - [initiateService,52] - HHH000490: Using JtaPlatform implementation: [org.hibernate.engine.transaction.jta.platform.internal.NoJtaPlatform]
18:56:28.728 [main] INFO  o.a.e.c.DefaultActiviti5CompatibilityHandlerFactory - [createActiviti5CompatibilityHandler,38] - Activiti 5 compatibility handler implementation not found or error during instantiation : org.activiti.compatibility.DefaultActiviti5CompatibilityHandler. Activiti 5 backwards compatibility disabled.
18:56:28.783 [main] INFO  o.a.e.i.ProcessEngineImpl - [<init>,87] - ProcessEngine default created
18:56:28.785 [main] INFO  o.a.e.i.a.DefaultAsyncJobExecutor - [start,169] - Starting up the default async job executor [org.activiti.spring.SpringAsyncExecutor].
18:56:28.786 [Thread-2] INFO  o.a.e.i.a.AcquireAsyncJobsDueRunnable - [run,45] - {} starting to acquire async jobs due
18:56:28.786 [Thread-3] INFO  o.a.e.i.a.AcquireTimerJobsRunnable - [run,49] - {} starting to acquire async jobs due
18:56:28.786 [Thread-4] INFO  o.a.e.i.a.ResetExpiredJobsRunnable - [run,51] - {} starting to reset expired jobs
18:56:31.251 [main] INFO  c.g.l.TestApplication - [logStarted,61] - Started TestApplication in 9.646 seconds (JVM running for 10.68)
18:56:31.253 [main] INFO  c.g.l.f.r.c.StartConfig - [run,21] - 测试ApplicationRunner打印你一定猜不到吧
18:56:31.253 [main] INFO  c.g.l.f.r.c.StartConfig - [run,22] - 测试appId:123456
18:56:31.253 [main] INFO  c.g.l.f.r.c.StartConfig - [run,23] - 测试appSecret:456789
18:56:31.512 [SpringApplicationShutdownHook] INFO  o.a.e.i.a.DefaultAsyncJobExecutor - [shutdown,208] - Shutting down the default async job executor [org.activiti.spring.SpringAsyncExecutor].
18:56:31.512 [activiti-reset-expired-jobs] INFO  o.a.e.i.a.ResetExpiredJobsRunnable - [run,99] - {} stopped resetting expired jobs
18:56:31.512 [activiti-acquire-timer-jobs] INFO  o.a.e.i.a.AcquireTimerJobsRunnable - [run,115] - {} stopped async job due acquisition
18:56:31.512 [activiti-acquire-async-jobs] INFO  o.a.e.i.a.AcquireAsyncJobsDueRunnable - [run,115] - {} stopped async job due acquisition
18:56:31.526 [SpringApplicationShutdownHook] INFO  c.a.d.p.DruidDataSource - [close,1928] - {dataSource-1} closed
